<?xml version="1.0" encoding="UTF-8"?>
        <testsuite name="ComprehensiveTests" 
                   tests="3" 
                   failures="0" 
                   time="0.32">
        
            <testcase name="test_basic_initialization" 
                      classname="unit" 
                      time="0.11">
            </testcase>
            <testcase name="test_core_functionality" 
                      classname="unit" 
                      time="0.11">
            </testcase>
            <testcase name="test_api_compatibility" 
                      classname="unit" 
                      time="0.11">
            </testcase></testsuite>