<?xml version="1.0" encoding="UTF-8"?>
        <testsuite name="ComprehensiveTests" 
                   tests="7" 
                   failures="2" 
                   time="3.30">
        
            <testcase name="test_workflow_integration" 
                      classname="integration" 
                      time="0.50">
            </testcase>
            <testcase name="test_component_interaction" 
                      classname="integration" 
                      time="0.51">
            </testcase></testsuite>