<?xml version="1.0" encoding="UTF-8"?>
<coverage generated="1768568438233" clover="3.2.0">
  <project timestamp="1768568438233" name="All files">
    <metrics statements="740" coveredstatements="611" conditionals="337" coveredconditionals="236" methods="154" coveredmethods="132" elements="1231" coveredelements="979" complexity="0" loc="740" ncloc="740" packages="1" files="8" classes="8"/>
    <file name="ConfigStorage.ts" path="C:\storycore-engine\electron\ConfigStorage.ts">
      <metrics statements="86" coveredstatements="78" conditionals="53" coveredconditionals="48" methods="12" coveredmethods="12"/>
      <line num="7" count="1" type="stmt"/>
      <line num="8" count="1" type="stmt"/>
      <line num="39" count="1" type="stmt"/>
      <line num="66" count="1" type="stmt"/>
      <line num="69" count="52" type="stmt"/>
      <line num="76" count="52" type="stmt"/>
      <line num="77" count="52" type="stmt"/>
      <line num="78" count="52" type="stmt"/>
      <line num="86" count="19" type="stmt"/>
      <line num="94" count="13" type="stmt"/>
      <line num="95" count="13" type="stmt"/>
      <line num="104" count="10" type="stmt"/>
      <line num="105" count="10" type="stmt"/>
      <line num="107" count="10" type="stmt"/>
      <line num="108" count="18" type="cond" truecount="5" falsecount="0"/>
      <line num="109" count="16" type="stmt"/>
      <line num="111" count="2" type="stmt"/>
      <line num="115" count="8" type="stmt"/>
      <line num="124" count="6" type="stmt"/>
      <line num="125" count="6" type="stmt"/>
      <line num="127" count="6" type="cond" truecount="1" falsecount="0"/>
      <line num="128" count="1" type="stmt"/>
      <line num="131" count="5" type="stmt"/>
      <line num="132" count="5" type="stmt"/>
      <line num="133" count="5" type="cond" truecount="3" falsecount="0"/>
      <line num="134" count="2" type="stmt"/>
      <line num="136" count="5" type="stmt"/>
      <line num="139" count="5" type="stmt"/>
      <line num="140" count="5" type="stmt"/>
      <line num="147" count="2" type="stmt"/>
      <line num="148" count="2" type="stmt"/>
      <line num="156" count="3" type="stmt"/>
      <line num="164" count="1" type="stmt"/>
      <line num="171" count="52" type="stmt"/>
      <line num="172" count="52" type="cond" truecount="1" falsecount="0"/>
      <line num="174" count="38" type="stmt"/>
      <line num="175" count="38" type="stmt"/>
      <line num="178" count="14" type="stmt"/>
      <line num="179" count="14" type="stmt"/>
      <line num="182" count="10" type="cond" truecount="2" falsecount="0"/>
      <line num="183" count="5" type="stmt"/>
      <line num="185" count="5" type="stmt"/>
      <line num="186" count="5" type="stmt"/>
      <line num="189" count="4" type="stmt"/>
      <line num="190" count="4" type="stmt"/>
      <line num="191" count="4" type="stmt"/>
      <line num="192" count="4" type="stmt"/>
      <line num="201" count="58" type="cond" truecount="1" falsecount="0"/>
      <line num="202" count="2" type="stmt"/>
      <line num="205" count="56" type="stmt"/>
      <line num="207" count="56" type="stmt"/>
      <line num="208" count="56" type="cond" truecount="1" falsecount="0"/>
      <line num="209" count="1" type="stmt"/>
      <line num="213" count="56" type="stmt"/>
      <line num="219" count="0" type="stmt"/>
      <line num="220" count="0" type="stmt"/>
      <line num="221" count="0" type="stmt"/>
      <line num="231" count="10" type="cond" truecount="2" falsecount="1"/>
      <line num="232" count="0" type="stmt"/>
      <line num="236" count="10" type="cond" truecount="3" falsecount="0"/>
      <line num="237" count="1" type="stmt"/>
      <line num="241" count="9" type="cond" truecount="1" falsecount="0"/>
      <line num="242" count="8" type="cond" truecount="3" falsecount="0"/>
      <line num="243" count="2" type="stmt"/>
      <line num="245" count="6" type="cond" truecount="4" falsecount="0"/>
      <line num="246" count="1" type="stmt"/>
      <line num="248" count="5" type="cond" truecount="3" falsecount="1"/>
      <line num="249" count="0" type="stmt"/>
      <line num="254" count="6" type="cond" truecount="1" falsecount="0"/>
      <line num="255" count="4" type="cond" truecount="2" falsecount="1"/>
      <line num="256" count="0" type="stmt"/>
      <line num="258" count="4" type="cond" truecount="4" falsecount="0"/>
      <line num="259" count="1" type="stmt"/>
      <line num="261" count="3" type="cond" truecount="2" falsecount="1"/>
      <line num="262" count="0" type="stmt"/>
      <line num="266" count="5" type="stmt"/>
      <line num="276" count="51" type="stmt"/>
      <line num="278" count="51" type="stmt"/>
      <line num="279" count="97" type="stmt"/>
      <line num="280" count="97" type="stmt"/>
      <line num="282" count="97" type="cond" truecount="5" falsecount="0"/>
      <line num="283" count="33" type="cond" truecount="4" falsecount="1"/>
      <line num="284" count="33" type="stmt"/>
      <line num="286" count="0" type="stmt"/>
      <line num="289" count="64" type="stmt"/>
      <line num="293" count="51" type="stmt"/>
    </file>
    <file name="ProjectValidator.ts" path="C:\storycore-engine\electron\ProjectValidator.ts">
      <metrics statements="108" coveredstatements="88" conditionals="46" coveredconditionals="31" methods="10" coveredmethods="9"/>
      <line num="8" count="1" type="stmt"/>
      <line num="9" count="1" type="stmt"/>
      <line num="69" count="1" type="stmt"/>
      <line num="79" count="1" type="stmt"/>
      <line num="86" count="11" type="stmt"/>
      <line num="87" count="11" type="stmt"/>
      <line num="90" count="11" type="stmt"/>
      <line num="92" count="11" type="cond" truecount="1" falsecount="0"/>
      <line num="93" count="1" type="stmt"/>
      <line num="99" count="1" type="stmt"/>
      <line num="103" count="10" type="stmt"/>
      <line num="104" count="10" type="cond" truecount="1" falsecount="0"/>
      <line num="105" count="1" type="stmt"/>
      <line num="111" count="1" type="stmt"/>
      <line num="115" count="9" type="stmt"/>
      <line num="116" count="9" type="stmt"/>
      <line num="117" count="9" type="cond" truecount="1" falsecount="0"/>
      <line num="118" count="1" type="stmt"/>
      <line num="128" count="9" type="stmt"/>
      <line num="129" count="18" type="stmt"/>
      <line num="130" count="18" type="cond" truecount="1" falsecount="0"/>
      <line num="131" count="18" type="stmt"/>
      <line num="141" count="9" type="stmt"/>
      <line num="142" count="0" type="stmt"/>
      <line num="143" count="0" type="cond" truecount="0" falsecount="2"/>
      <line num="144" count="0" type="stmt"/>
      <line num="151" count="0" type="stmt"/>
      <line num="152" count="0" type="cond" truecount="0" falsecount="1"/>
      <line num="153" count="0" type="stmt"/>
      <line num="164" count="9" type="stmt"/>
      <line num="165" count="9" type="cond" truecount="1" falsecount="0"/>
      <line num="166" count="8" type="stmt"/>
      <line num="167" count="8" type="stmt"/>
      <line num="168" count="8" type="stmt"/>
      <line num="169" count="8" type="stmt"/>
      <line num="170" count="8" type="stmt"/>
      <line num="172" count="0" type="stmt"/>
      <line num="182" count="9" type="stmt"/>
      <line num="183" count="9" type="stmt"/>
      <line num="185" count="0" type="stmt"/>
      <line num="193" count="9" type="stmt"/>
      <line num="200" count="0" type="stmt"/>
      <line num="205" count="0" type="stmt"/>
      <line num="219" count="8" type="stmt"/>
      <line num="220" count="8" type="stmt"/>
      <line num="222" count="8" type="stmt"/>
      <line num="224" count="8" type="stmt"/>
      <line num="227" count="8" type="stmt"/>
      <line num="228" count="8" type="stmt"/>
      <line num="230" count="1" type="stmt"/>
      <line num="236" count="1" type="stmt"/>
      <line num="240" count="7" type="cond" truecount="2" falsecount="1"/>
      <line num="241" count="0" type="stmt"/>
      <line num="246" count="0" type="stmt"/>
      <line num="249" count="7" type="stmt"/>
      <line num="252" count="7" type="cond" truecount="3" falsecount="0"/>
      <line num="253" count="1" type="stmt"/>
      <line num="261" count="7" type="cond" truecount="3" falsecount="0"/>
      <line num="262" count="1" type="stmt"/>
      <line num="270" count="7" type="cond" truecount="4" falsecount="0"/>
      <line num="271" count="1" type="stmt"/>
      <line num="279" count="6" type="stmt"/>
      <line num="280" count="6" type="stmt"/>
      <line num="282" count="6" type="stmt"/>
      <line num="283" count="24" type="cond" truecount="0" falsecount="1"/>
      <line num="284" count="0" type="stmt"/>
      <line num="294" count="7" type="cond" truecount="3" falsecount="1"/>
      <line num="295" count="0" type="stmt"/>
      <line num="303" count="7" type="stmt"/>
      <line num="304" count="7" type="stmt"/>
      <line num="306" count="7" type="cond" truecount="1" falsecount="0"/>
      <line num="307" count="1" type="stmt"/>
      <line num="315" count="7" type="cond" truecount="0" falsecount="1"/>
      <line num="316" count="0" type="stmt"/>
      <line num="326" count="7" type="cond" truecount="3" falsecount="0"/>
      <line num="327" count="1" type="stmt"/>
      <line num="336" count="7" type="cond" truecount="1" falsecount="0"/>
      <line num="337" count="3" type="stmt"/>
      <line num="344" count="4" type="stmt"/>
      <line num="346" count="0" type="stmt"/>
      <line num="351" count="0" type="stmt"/>
      <line num="361" count="4" type="stmt"/>
      <line num="362" count="4" type="cond" truecount="1" falsecount="0"/>
      <line num="363" count="1" type="stmt"/>
      <line num="366" count="3" type="stmt"/>
      <line num="367" count="3" type="cond" truecount="1" falsecount="0"/>
      <line num="368" count="1" type="stmt"/>
      <line num="372" count="2" type="stmt"/>
      <line num="373" count="2" type="stmt"/>
      <line num="375" count="0" type="stmt"/>
      <line num="385" count="5" type="cond" truecount="1" falsecount="0"/>
      <line num="386" count="1" type="stmt"/>
      <line num="389" count="4" type="cond" truecount="0" falsecount="1"/>
      <line num="390" count="0" type="stmt"/>
      <line num="394" count="5" type="stmt"/>
      <line num="395" count="5" type="stmt"/>
      <line num="396" count="5" type="stmt"/>
      <line num="397" count="5" type="stmt"/>
      <line num="399" count="4" type="stmt"/>
      <line num="401" count="4" type="cond" truecount="1" falsecount="0"/>
      <line num="402" count="2" type="stmt"/>
      <line num="405" count="4" type="cond" truecount="0" falsecount="1"/>
      <line num="406" count="0" type="stmt"/>
      <line num="409" count="4" type="cond" truecount="1" falsecount="0"/>
      <line num="410" count="2" type="stmt"/>
      <line num="413" count="4" type="cond" truecount="1" falsecount="0"/>
      <line num="414" count="1" type="stmt"/>
      <line num="417" count="4" type="stmt"/>
    </file>
    <file name="RecentProjectsManager.ts" path="C:\storycore-engine\electron\RecentProjectsManager.ts">
      <metrics statements="56" coveredstatements="53" conditionals="6" coveredconditionals="5" methods="20" coveredmethods="20"/>
      <line num="7" count="1" type="stmt"/>
      <line num="8" count="1" type="stmt"/>
      <line num="39" count="1" type="stmt"/>
      <line num="40" count="1" type="stmt"/>
      <line num="41" count="1" type="stmt"/>
      <line num="43" count="37" type="stmt"/>
      <line num="51" count="37" type="stmt"/>
      <line num="52" count="37" type="stmt"/>
      <line num="61" count="77" type="stmt"/>
      <line num="64" count="56" type="stmt"/>
      <line num="71" count="56" type="cond" truecount="1" falsecount="0"/>
      <line num="72" count="1" type="stmt"/>
      <line num="75" count="56" type="stmt"/>
      <line num="83" count="6" type="stmt"/>
      <line num="84" count="3" type="stmt"/>
      <line num="92" count="19" type="stmt"/>
      <line num="101" count="8" type="stmt"/>
      <line num="109" count="8" type="stmt"/>
      <line num="110" count="4" type="cond" truecount="1" falsecount="0"/>
      <line num="112" count="6" type="stmt"/>
      <line num="113" count="3" type="stmt"/>
      <line num="114" count="3" type="stmt"/>
      <line num="115" count="3" type="stmt"/>
      <line num="124" count="4" type="stmt"/>
      <line num="125" count="8" type="stmt"/>
      <line num="126" count="8" type="stmt"/>
      <line num="127" count="8" type="stmt"/>
      <line num="129" count="0" type="stmt"/>
      <line num="132" count="4" type="stmt"/>
      <line num="139" count="2" type="stmt"/>
      <line num="140" count="4" type="stmt"/>
      <line num="141" count="2" type="stmt"/>
      <line num="148" count="2" type="stmt"/>
      <line num="149" count="2" type="stmt"/>
      <line num="157" count="15" type="stmt"/>
      <line num="164" count="37" type="stmt"/>
      <line num="165" count="37" type="cond" truecount="1" falsecount="0"/>
      <line num="166" count="33" type="stmt"/>
      <line num="169" count="4" type="stmt"/>
      <line num="170" count="4" type="stmt"/>
      <line num="173" count="3" type="cond" truecount="1" falsecount="0"/>
      <line num="174" count="1" type="stmt"/>
      <line num="175" count="1" type="stmt"/>
      <line num="179" count="3" type="stmt"/>
      <line num="186" count="2" type="cond" truecount="0" falsecount="1"/>
      <line num="187" count="0" type="stmt"/>
      <line num="190" count="1" type="stmt"/>
      <line num="191" count="1" type="stmt"/>
      <line num="199" count="66" type="stmt"/>
      <line num="201" count="66" type="stmt"/>
      <line num="202" count="66" type="cond" truecount="1" falsecount="0"/>
      <line num="203" count="1" type="stmt"/>
      <line num="206" count="66" type="stmt"/>
      <line num="208" count="143" type="stmt"/>
      <line num="216" count="66" type="stmt"/>
      <line num="218" count="0" type="stmt"/>
    </file>
    <file name="SystemTrayManager.ts" path="C:\storycore-engine\electron\SystemTrayManager.ts">
      <metrics statements="109" coveredstatements="105" conditionals="48" coveredconditionals="45" methods="25" coveredmethods="24"/>
      <line num="1" count="1" type="stmt"/>
      <line num="13" count="1" type="stmt"/>
      <line num="14" count="39" type="stmt"/>
      <line num="15" count="39" type="stmt"/>
      <line num="25" count="34" type="cond" truecount="1" falsecount="0"/>
      <line num="26" count="1" type="stmt"/>
      <line num="30" count="33" type="stmt"/>
      <line num="31" count="33" type="stmt"/>
      <line num="33" count="33" type="stmt"/>
      <line num="36" count="33" type="stmt"/>
      <line num="39" count="33" type="stmt"/>
      <line num="40" count="1" type="cond" truecount="1" falsecount="0"/>
      <line num="41" count="1" type="stmt"/>
      <line num="45" count="33" type="stmt"/>
      <line num="53" count="27" type="cond" truecount="1" falsecount="0"/>
      <line num="54" count="1" type="stmt"/>
      <line num="57" count="26" type="stmt"/>
      <line num="60" count="26" type="cond" truecount="1" falsecount="0"/>
      <line num="61" count="24" type="stmt"/>
      <line num="64" count="24" type="stmt"/>
      <line num="65" count="24" type="stmt"/>
      <line num="68" count="24" type="stmt"/>
      <line num="69" count="24" type="stmt"/>
      <line num="73" count="26" type="stmt"/>
      <line num="81" count="2" type="cond" truecount="1" falsecount="0"/>
      <line num="82" count="1" type="stmt"/>
      <line num="91" count="1" type="stmt"/>
      <line num="99" count="2" type="stmt"/>
      <line num="107" count="1" type="stmt"/>
      <line num="114" count="39" type="cond" truecount="1" falsecount="0"/>
      <line num="115" count="33" type="stmt"/>
      <line num="116" count="33" type="stmt"/>
      <line num="124" count="4" type="stmt"/>
      <line num="135" count="57" type="stmt"/>
      <line num="136" count="57" type="stmt"/>
      <line num="137" count="57" type="stmt"/>
      <line num="139" count="57" type="cond" truecount="1" falsecount="0"/>
      <line num="141" count="57" type="stmt"/>
      <line num="142" count="57" type="stmt"/>
      <line num="144" count="57" type="cond" truecount="5" falsecount="0"/>
      <line num="146" count="15" type="stmt"/>
      <line num="147" count="15" type="stmt"/>
      <line num="149" count="2" type="stmt"/>
      <line num="150" count="2" type="stmt"/>
      <line num="152" count="4" type="stmt"/>
      <line num="153" count="4" type="stmt"/>
      <line num="156" count="36" type="stmt"/>
      <line num="157" count="36" type="stmt"/>
      <line num="160" count="57" type="stmt"/>
      <line num="163" count="57" type="stmt"/>
      <line num="164" count="57" type="stmt"/>
      <line num="165" count="57" type="stmt"/>
      <line num="169" count="57" type="stmt"/>
      <line num="170" count="57" type="stmt"/>
      <line num="184" count="57" type="stmt"/>
      <line num="188" count="57" type="cond" truecount="1" falsecount="0"/>
      <line num="189" count="57" type="stmt"/>
      <line num="199" count="0" type="stmt"/>
      <line num="203" count="57" type="stmt"/>
      <line num="207" count="57" type="stmt"/>
      <line num="216" count="24" type="stmt"/>
      <line num="218" count="24" type="cond" truecount="5" falsecount="0"/>
      <line num="220" count="15" type="stmt"/>
      <line num="222" count="2" type="stmt"/>
      <line num="224" count="4" type="cond" truecount="1" falsecount="1"/>
      <line num="227" count="3" type="stmt"/>
      <line num="236" count="59" type="cond" truecount="0" falsecount="1"/>
      <line num="237" count="0" type="stmt"/>
      <line num="240" count="59" type="stmt"/>
      <line num="243" count="59" type="stmt"/>
      <line num="248" count="59" type="stmt"/>
      <line num="251" count="59" type="cond" truecount="1" falsecount="0"/>
      <line num="252" count="26" type="stmt"/>
      <line num="253" count="26" type="stmt"/>
      <line num="259" count="26" type="cond" truecount="3" falsecount="0"/>
      <line num="260" count="12" type="stmt"/>
      <line num="267" count="26" type="cond" truecount="3" falsecount="0"/>
      <line num="268" count="5" type="stmt"/>
      <line num="269" count="5" type="stmt"/>
      <line num="276" count="26" type="cond" truecount="3" falsecount="0"/>
      <line num="277" count="4" type="stmt"/>
      <line num="283" count="26" type="stmt"/>
      <line num="287" count="59" type="stmt"/>
      <line num="290" count="1" type="cond" truecount="1" falsecount="0"/>
      <line num="291" count="1" type="stmt"/>
      <line num="297" count="59" type="cond" truecount="4" falsecount="0"/>
      <line num="298" count="21" type="stmt"/>
      <line num="301" count="0" type="cond" truecount="0" falsecount="1"/>
      <line num="302" count="0" type="stmt"/>
      <line num="308" count="59" type="stmt"/>
      <line num="311" count="59" type="stmt"/>
      <line num="314" count="2" type="cond" truecount="2" falsecount="0"/>
      <line num="315" count="1" type="stmt"/>
      <line num="317" count="1" type="stmt"/>
      <line num="322" count="59" type="stmt"/>
      <line num="323" count="59" type="stmt"/>
      <line num="332" count="26" type="cond" truecount="5" falsecount="0"/>
      <line num="334" count="17" type="stmt"/>
      <line num="336" count="2" type="stmt"/>
      <line num="338" count="4" type="stmt"/>
      <line num="341" count="3" type="stmt"/>
      <line num="351" count="5" type="stmt"/>
      <line num="352" count="5" type="stmt"/>
      <line num="353" count="5" type="stmt"/>
      <line num="355" count="5" type="cond" truecount="2" falsecount="0"/>
      <line num="356" count="1" type="stmt"/>
      <line num="357" count="4" type="cond" truecount="2" falsecount="0"/>
      <line num="358" count="2" type="stmt"/>
      <line num="360" count="2" type="stmt"/>
    </file>
    <file name="ViteServerManager.ts" path="C:\storycore-engine\electron\ViteServerManager.ts">
      <metrics statements="122" coveredstatements="102" conditionals="30" coveredconditionals="19" methods="31" coveredmethods="23"/>
      <line num="1" count="1" type="stmt"/>
      <line num="2" count="1" type="stmt"/>
      <line num="3" count="1" type="stmt"/>
      <line num="56" count="1" type="stmt"/>
      <line num="57" count="18" type="stmt"/>
      <line num="58" count="18" type="stmt"/>
      <line num="59" count="18" type="stmt"/>
      <line num="60" count="18" type="stmt"/>
      <line num="61" count="18" type="stmt"/>
      <line num="62" count="18" type="stmt"/>
      <line num="70" count="14" type="cond" truecount="0" falsecount="1"/>
      <line num="71" count="0" type="stmt"/>
      <line num="74" count="14" type="cond" truecount="0" falsecount="1"/>
      <line num="75" count="0" type="stmt"/>
      <line num="78" count="14" type="stmt"/>
      <line num="79" count="14" type="stmt"/>
      <line num="81" count="14" type="stmt"/>
      <line num="83" count="14" type="stmt"/>
      <line num="86" count="10" type="stmt"/>
      <line num="89" count="10" type="stmt"/>
      <line num="92" count="10" type="stmt"/>
      <line num="99" count="10" type="stmt"/>
      <line num="108" count="10" type="stmt"/>
      <line num="109" count="10" type="stmt"/>
      <line num="111" count="10" type="stmt"/>
      <line num="113" count="4" type="stmt"/>
      <line num="120" count="4" type="stmt"/>
      <line num="126" count="4" type="cond" truecount="1" falsecount="1"/>
      <line num="127" count="4" type="stmt"/>
      <line num="129" count="4" type="stmt"/>
      <line num="137" count="12" type="cond" truecount="1" falsecount="0"/>
      <line num="138" count="2" type="stmt"/>
      <line num="141" count="10" type="cond" truecount="0" falsecount="1"/>
      <line num="142" count="0" type="stmt"/>
      <line num="143" count="0" type="stmt"/>
      <line num="146" count="10" type="stmt"/>
      <line num="147" count="10" type="stmt"/>
      <line num="149" count="0" type="cond" truecount="0" falsecount="1"/>
      <line num="150" count="0" type="stmt"/>
      <line num="152" count="0" type="stmt"/>
      <line num="155" count="10" type="stmt"/>
      <line num="156" count="10" type="stmt"/>
      <line num="157" count="10" type="stmt"/>
      <line num="158" count="10" type="stmt"/>
      <line num="159" count="10" type="stmt"/>
      <line num="160" count="10" type="stmt"/>
      <line num="164" count="10" type="stmt"/>
      <line num="172" count="1" type="stmt"/>
      <line num="173" count="1" type="cond" truecount="1" falsecount="0"/>
      <line num="174" count="1" type="stmt"/>
      <line num="176" count="0" type="stmt"/>
      <line num="183" count="25" type="cond" truecount="3" falsecount="0"/>
      <line num="184" count="10" type="stmt"/>
      <line num="185" count="10" type="stmt"/>
      <line num="190" count="15" type="stmt"/>
      <line num="197" count="2" type="cond" truecount="2" falsecount="0"/>
      <line num="198" count="1" type="stmt"/>
      <line num="200" count="1" type="stmt"/>
      <line num="208" count="0" type="stmt"/>
      <line num="215" count="25" type="stmt"/>
      <line num="216" count="25" type="stmt"/>
      <line num="218" count="25" type="stmt"/>
      <line num="219" count="15" type="stmt"/>
      <line num="222" count="25" type="stmt"/>
      <line num="223" count="10" type="stmt"/>
      <line num="224" count="10" type="stmt"/>
      <line num="227" count="25" type="stmt"/>
      <line num="236" count="14" type="cond" truecount="1" falsecount="0"/>
      <line num="237" count="5" type="stmt"/>
      <line num="241" count="9" type="stmt"/>
      <line num="242" count="11" type="cond" truecount="1" falsecount="0"/>
      <line num="243" count="5" type="stmt"/>
      <line num="247" count="4" type="stmt"/>
      <line num="256" count="10" type="stmt"/>
      <line num="257" count="10" type="stmt"/>
      <line num="260" count="10" type="cond" truecount="1" falsecount="1"/>
      <line num="263" count="10" type="stmt"/>
      <line num="272" count="10" type="cond" truecount="0" falsecount="1"/>
      <line num="273" count="0" type="stmt"/>
      <line num="274" count="0" type="stmt"/>
      <line num="278" count="10" type="stmt"/>
      <line num="279" count="10" type="stmt"/>
      <line num="280" count="10" type="stmt"/>
      <line num="283" count="10" type="stmt"/>
      <line num="284" count="0" type="stmt"/>
      <line num="285" count="0" type="stmt"/>
      <line num="289" count="10" type="stmt"/>
      <line num="290" count="10" type="stmt"/>
      <line num="291" count="10" type="cond" truecount="1" falsecount="1"/>
      <line num="292" count="0" type="stmt"/>
      <line num="293" count="10" type="cond" truecount="1" falsecount="0"/>
      <line num="295" count="10" type="stmt"/>
      <line num="300" count="10" type="stmt"/>
      <line num="301" count="10" type="stmt"/>
      <line num="302" count="0" type="stmt"/>
      <line num="305" count="10" type="stmt"/>
      <line num="309" count="10" type="stmt"/>
      <line num="310" count="0" type="stmt"/>
      <line num="311" count="0" type="stmt"/>
      <line num="315" count="10" type="stmt"/>
      <line num="323" count="10" type="stmt"/>
      <line num="324" count="10" type="stmt"/>
      <line num="326" count="10" type="stmt"/>
      <line num="327" count="19" type="stmt"/>
      <line num="329" count="19" type="stmt"/>
      <line num="330" count="19" type="cond" truecount="1" falsecount="0"/>
      <line num="331" count="10" type="stmt"/>
      <line num="338" count="9" type="stmt"/>
      <line num="341" count="0" type="stmt"/>
      <line num="348" count="19" type="stmt"/>
      <line num="349" count="19" type="stmt"/>
      <line num="351" count="19" type="stmt"/>
      <line num="353" count="19" type="stmt"/>
      <line num="354" count="10" type="stmt"/>
      <line num="355" count="10" type="stmt"/>
      <line num="358" count="19" type="stmt"/>
      <line num="359" count="9" type="stmt"/>
      <line num="360" count="9" type="stmt"/>
      <line num="363" count="19" type="stmt"/>
      <line num="364" count="0" type="stmt"/>
      <line num="365" count="0" type="stmt"/>
      <line num="368" count="19" type="stmt"/>
    </file>
    <file name="WindowManager.ts" path="C:\storycore-engine\electron\WindowManager.ts">
      <metrics statements="84" coveredstatements="81" conditionals="59" coveredconditionals="52" methods="15" coveredmethods="15"/>
      <line num="1" count="1" type="stmt"/>
      <line num="2" count="1" type="stmt"/>
      <line num="3" count="1" type="stmt"/>
      <line num="4" count="1" type="stmt"/>
      <line num="40" count="1" type="stmt"/>
      <line num="41" count="36" type="stmt"/>
      <line num="42" count="36" type="stmt"/>
      <line num="44" count="36" type="stmt"/>
      <line num="52" count="36" type="stmt"/>
      <line num="53" count="36" type="stmt"/>
      <line num="63" count="21" type="cond" truecount="3" falsecount="0"/>
      <line num="64" count="1" type="stmt"/>
      <line num="65" count="1" type="stmt"/>
      <line num="69" count="20" type="stmt"/>
      <line num="72" count="20" type="stmt"/>
      <line num="75" count="20" type="cond" truecount="3" falsecount="0"/>
      <line num="77" count="3" type="cond" truecount="4" falsecount="0"/>
      <line num="82" count="3" type="cond" truecount="1" falsecount="0"/>
      <line num="84" count="2" type="stmt"/>
      <line num="85" count="2" type="stmt"/>
      <line num="90" count="20" type="stmt"/>
      <line num="109" count="20" type="cond" truecount="1" falsecount="0"/>
      <line num="110" count="1" type="stmt"/>
      <line num="114" count="20" type="stmt"/>
      <line num="117" count="20" type="stmt"/>
      <line num="118" count="11" type="cond" truecount="1" falsecount="0"/>
      <line num="119" count="11" type="stmt"/>
      <line num="122" count="11" type="cond" truecount="3" falsecount="0"/>
      <line num="123" count="1" type="stmt"/>
      <line num="124" count="1" type="stmt"/>
      <line num="130" count="20" type="stmt"/>
      <line num="131" count="4" type="cond" truecount="3" falsecount="0"/>
      <line num="132" count="4" type="stmt"/>
      <line num="137" count="20" type="stmt"/>
      <line num="139" count="1" type="cond" truecount="3" falsecount="0"/>
      <line num="140" count="1" type="stmt"/>
      <line num="142" count="1" type="stmt"/>
      <line num="145" count="20" type="stmt"/>
      <line num="153" count="7" type="cond" truecount="3" falsecount="0"/>
      <line num="154" count="1" type="stmt"/>
      <line num="157" count="6" type="stmt"/>
      <line num="173" count="6" type="stmt"/>
      <line num="241" count="6" type="stmt"/>
      <line num="242" count="6" type="stmt"/>
      <line num="244" count="6" type="stmt"/>
      <line num="252" count="2" type="cond" truecount="1" falsecount="0"/>
      <line num="253" count="1" type="stmt"/>
      <line num="254" count="1" type="stmt"/>
      <line num="263" count="2" type="cond" truecount="1" falsecount="0"/>
      <line num="264" count="1" type="stmt"/>
      <line num="273" count="2" type="stmt"/>
      <line num="274" count="2" type="stmt"/>
      <line num="276" count="1" type="stmt"/>
      <line num="277" count="1" type="cond" truecount="1" falsecount="1"/>
      <line num="285" count="3" type="stmt"/>
      <line num="292" count="3" type="stmt"/>
      <line num="299" count="3" type="cond" truecount="3" falsecount="0"/>
      <line num="300" count="1" type="stmt"/>
      <line num="301" count="1" type="stmt"/>
      <line num="304" count="3" type="cond" truecount="3" falsecount="0"/>
      <line num="305" count="1" type="stmt"/>
      <line num="306" count="1" type="stmt"/>
      <line num="314" count="20" type="stmt"/>
      <line num="315" count="20" type="cond" truecount="1" falsecount="0"/>
      <line num="316" count="6" type="stmt"/>
      <line num="317" count="5" type="stmt"/>
      <line num="320" count="4" type="cond" truecount="1" falsecount="0"/>
      <line num="325" count="4" type="stmt"/>
      <line num="329" count="2" type="stmt"/>
      <line num="332" count="16" type="stmt"/>
      <line num="339" count="4" type="stmt"/>
      <line num="340" count="4" type="stmt"/>
      <line num="341" count="4" type="stmt"/>
      <line num="350" count="4" type="stmt"/>
      <line num="351" count="4" type="cond" truecount="1" falsecount="0"/>
      <line num="352" count="2" type="stmt"/>
      <line num="355" count="4" type="stmt"/>
      <line num="357" count="1" type="stmt"/>
      <line num="366" count="36" type="stmt"/>
      <line num="368" count="36" type="cond" truecount="1" falsecount="3"/>
      <line num="370" count="36" type="cond" truecount="1" falsecount="1"/>
      <line num="372" count="0" type="stmt"/>
      <line num="374" count="0" type="cond" truecount="0" falsecount="2"/>
      <line num="376" count="0" type="stmt"/>
    </file>
    <file name="errors.ts" path="C:\storycore-engine\electron\errors.ts">
      <metrics statements="136" coveredstatements="104" conditionals="68" coveredconditionals="36" methods="29" coveredmethods="29"/>
      <line num="11" count="1" type="stmt"/>
      <line num="12" count="1" type="stmt"/>
      <line num="13" count="1" type="stmt"/>
      <line num="18" count="1" type="stmt"/>
      <line num="23" count="176" type="stmt"/>
      <line num="24" count="176" type="stmt"/>
      <line num="25" count="176" type="stmt"/>
      <line num="26" count="176" type="stmt"/>
      <line num="27" count="176" type="stmt"/>
      <line num="49" count="1" type="cond" truecount="2" falsecount="0"/>
      <line num="50" count="1" type="stmt"/>
      <line num="51" count="1" type="stmt"/>
      <line num="52" count="1" type="stmt"/>
      <line num="53" count="1" type="stmt"/>
      <line num="56" count="1" type="stmt"/>
      <line num="58" count="163" type="stmt"/>
      <line num="60" count="163" type="stmt"/>
      <line num="62" count="163" type="stmt"/>
      <line num="66" count="161" type="cond" truecount="4" falsecount="1"/>
      <line num="68" count="158" type="stmt"/>
      <line num="70" count="1" type="stmt"/>
      <line num="72" count="1" type="stmt"/>
      <line num="74" count="1" type="stmt"/>
      <line num="76" count="0" type="stmt"/>
      <line num="81" count="158" type="cond" truecount="1" falsecount="4"/>
      <line num="83" count="158" type="stmt"/>
      <line num="89" count="0" type="stmt"/>
      <line num="95" count="0" type="stmt"/>
      <line num="101" count="0" type="stmt"/>
      <line num="107" count="0" type="stmt"/>
      <line num="115" count="1" type="cond" truecount="2" falsecount="0"/>
      <line num="116" count="1" type="stmt"/>
      <line num="117" count="1" type="stmt"/>
      <line num="118" count="1" type="stmt"/>
      <line num="119" count="1" type="stmt"/>
      <line num="120" count="1" type="stmt"/>
      <line num="130" count="1" type="stmt"/>
      <line num="132" count="5" type="stmt"/>
      <line num="134" count="5" type="stmt"/>
      <line num="135" count="5" type="stmt"/>
      <line num="137" count="5" type="stmt"/>
      <line num="141" count="3" type="cond" truecount="2" falsecount="4"/>
      <line num="143" count="2" type="stmt"/>
      <line num="145" count="0" type="stmt"/>
      <line num="147" count="0" type="stmt"/>
      <line num="149" count="1" type="stmt"/>
      <line num="151" count="0" type="stmt"/>
      <line num="153" count="0" type="stmt"/>
      <line num="158" count="2" type="cond" truecount="1" falsecount="5"/>
      <line num="160" count="2" type="stmt"/>
      <line num="166" count="0" type="stmt"/>
      <line num="172" count="0" type="stmt"/>
      <line num="178" count="0" type="stmt"/>
      <line num="184" count="0" type="stmt"/>
      <line num="190" count="0" type="stmt"/>
      <line num="198" count="1" type="cond" truecount="2" falsecount="0"/>
      <line num="199" count="1" type="stmt"/>
      <line num="200" count="1" type="stmt"/>
      <line num="201" count="1" type="stmt"/>
      <line num="202" count="1" type="stmt"/>
      <line num="205" count="1" type="stmt"/>
      <line num="207" count="5" type="stmt"/>
      <line num="209" count="5" type="stmt"/>
      <line num="211" count="5" type="stmt"/>
      <line num="215" count="3" type="cond" truecount="3" falsecount="2"/>
      <line num="217" count="1" type="stmt"/>
      <line num="219" count="1" type="stmt"/>
      <line num="221" count="0" type="stmt"/>
      <line num="223" count="1" type="stmt"/>
      <line num="225" count="0" type="stmt"/>
      <line num="230" count="2" type="cond" truecount="2" falsecount="3"/>
      <line num="232" count="1" type="stmt"/>
      <line num="238" count="1" type="stmt"/>
      <line num="244" count="0" type="stmt"/>
      <line num="250" count="0" type="stmt"/>
      <line num="256" count="0" type="stmt"/>
      <line num="264" count="1" type="cond" truecount="2" falsecount="0"/>
      <line num="265" count="1" type="stmt"/>
      <line num="266" count="1" type="stmt"/>
      <line num="267" count="1" type="stmt"/>
      <line num="270" count="1" type="stmt"/>
      <line num="272" count="3" type="stmt"/>
      <line num="274" count="3" type="stmt"/>
      <line num="276" count="3" type="stmt"/>
      <line num="280" count="1" type="cond" truecount="1" falsecount="3"/>
      <line num="282" count="1" type="stmt"/>
      <line num="284" count="0" type="stmt"/>
      <line num="286" count="0" type="stmt"/>
      <line num="288" count="0" type="stmt"/>
      <line num="293" count="1" type="cond" truecount="1" falsecount="3"/>
      <line num="295" count="1" type="stmt"/>
      <line num="301" count="0" type="stmt"/>
      <line num="306" count="0" type="stmt"/>
      <line num="311" count="0" type="stmt"/>
      <line num="333" count="1" type="stmt"/>
      <line num="334" count="10" type="stmt"/>
      <line num="335" count="10" type="stmt"/>
      <line num="340" count="10" type="stmt"/>
      <line num="341" count="10" type="stmt"/>
      <line num="344" count="10" type="stmt"/>
      <line num="353" count="160" type="stmt"/>
      <line num="364" count="160" type="stmt"/>
      <line num="367" count="160" type="cond" truecount="1" falsecount="0"/>
      <line num="368" count="50" type="stmt"/>
      <line num="372" count="160" type="stmt"/>
      <line num="375" count="160" type="stmt"/>
      <line num="382" count="7" type="stmt"/>
      <line num="389" count="6" type="stmt"/>
      <line num="396" count="10" type="stmt"/>
      <line num="397" count="10" type="stmt"/>
      <line num="404" count="1" type="stmt"/>
      <line num="411" count="1" type="stmt"/>
      <line num="412" count="1" type="stmt"/>
      <line num="413" count="1" type="stmt"/>
      <line num="418" count="1" type="stmt"/>
      <line num="436" count="10" type="stmt"/>
      <line num="437" count="10" type="cond" truecount="1" falsecount="0"/>
      <line num="438" count="10" type="stmt"/>
      <line num="439" count="10" type="stmt"/>
      <line num="441" count="10" type="cond" truecount="1" falsecount="0"/>
      <line num="443" count="110" type="stmt"/>
      <line num="450" count="0" type="stmt"/>
      <line num="451" count="0" type="stmt"/>
      <line num="459" count="170" type="stmt"/>
      <line num="461" count="170" type="stmt"/>
      <line num="462" count="170" type="cond" truecount="0" falsecount="1"/>
      <line num="463" count="0" type="stmt"/>
      <line num="466" count="170" type="stmt"/>
      <line num="468" count="0" type="stmt"/>
      <line num="476" count="10" type="stmt"/>
      <line num="478" count="10" type="cond" truecount="1" falsecount="3"/>
      <line num="480" count="10" type="cond" truecount="1" falsecount="1"/>
      <line num="482" count="0" type="stmt"/>
      <line num="484" count="0" type="cond" truecount="0" falsecount="2"/>
      <line num="486" count="0" type="stmt"/>
      <line num="492" count="1" type="stmt"/>
    </file>
    <file name="preload.ts" path="C:\storycore-engine\electron\preload.ts">
      <metrics statements="39" coveredstatements="0" conditionals="27" coveredconditionals="0" methods="12" coveredmethods="0"/>
      <line num="1" count="0" type="stmt"/>
      <line num="8" count="0" type="stmt"/>
      <line num="20" count="0" type="stmt"/>
      <line num="21" count="0" type="cond" truecount="0" falsecount="1"/>
      <line num="22" count="0" type="cond" truecount="0" falsecount="2"/>
      <line num="24" count="0" type="stmt"/>
      <line num="27" count="0" type="stmt"/>
      <line num="28" count="0" type="cond" truecount="0" falsecount="1"/>
      <line num="29" count="0" type="cond" truecount="0" falsecount="2"/>
      <line num="31" count="0" type="stmt"/>
      <line num="34" count="0" type="stmt"/>
      <line num="35" count="0" type="cond" truecount="0" falsecount="1"/>
      <line num="36" count="0" type="cond" truecount="0" falsecount="2"/>
      <line num="38" count="0" type="stmt"/>
      <line num="41" count="0" type="stmt"/>
      <line num="42" count="0" type="cond" truecount="0" falsecount="1"/>
      <line num="43" count="0" type="cond" truecount="0" falsecount="2"/>
      <line num="45" count="0" type="stmt"/>
      <line num="52" count="0" type="stmt"/>
      <line num="53" count="0" type="cond" truecount="0" falsecount="1"/>
      <line num="54" count="0" type="cond" truecount="0" falsecount="2"/>
      <line num="56" count="0" type="stmt"/>
      <line num="59" count="0" type="stmt"/>
      <line num="60" count="0" type="cond" truecount="0" falsecount="1"/>
      <line num="61" count="0" type="cond" truecount="0" falsecount="2"/>
      <line num="65" count="0" type="stmt"/>
      <line num="66" count="0" type="cond" truecount="0" falsecount="1"/>
      <line num="67" count="0" type="cond" truecount="0" falsecount="2"/>
      <line num="75" count="0" type="stmt"/>
      <line num="76" count="0" type="cond" truecount="0" falsecount="1"/>
      <line num="77" count="0" type="cond" truecount="0" falsecount="2"/>
      <line num="79" count="0" type="stmt"/>
      <line num="82" count="0" type="stmt"/>
      <line num="83" count="0" type="cond" truecount="0" falsecount="1"/>
      <line num="84" count="0" type="cond" truecount="0" falsecount="2"/>
      <line num="92" count="0" type="stmt"/>
      <line num="95" count="0" type="stmt"/>
      <line num="98" count="0" type="stmt"/>
      <line num="104" count="0" type="stmt"/>
    </file>
  </project>
</coverage>
