{"C:\\storycore-engine\\electron\\ConfigStorage.ts": {"path":"C:\\storycore-engine\\electron\\ConfigStorage.ts","statementMap":{"0":{"start":{"line":7,"column":0},"end":{"line":7,"column":25}},"1":{"start":{"line":8,"column":0},"end":{"line":8,"column":29}},"2":{"start":{"line":39,"column":34},"end":{"line":58,"column":2}},"3":{"start":{"line":69,"column":10},"end":{"line":69,"column":40}},"4":{"start":{"line":76,"column":4},"end":{"line":76,"column":41}},"5":{"start":{"line":77,"column":4},"end":{"line":77,"column":40}},"6":{"start":{"line":78,"column":4},"end":{"line":78,"column":16}},"7":{"start":{"line":86,"column":4},"end":{"line":86,"column":30}},"8":{"start":{"line":94,"column":4},"end":{"line":94,"column":57}},"9":{"start":{"line":95,"column":4},"end":{"line":95,"column":16}},"10":{"start":{"line":104,"column":17},"end":{"line":104,"column":31}},"11":{"start":{"line":105,"column":21},"end":{"line":105,"column":32}},"12":{"start":{"line":107,"column":4},"end":{"line":113,"column":5}},"13":{"start":{"line":108,"column":6},"end":{"line":112,"column":7}},"14":{"start":{"line":109,"column":8},"end":{"line":109,"column":25}},"15":{"start":{"line":111,"column":8},"end":{"line":111,"column":25}},"16":{"start":{"line":115,"column":4},"end":{"line":115,"column":22}},"17":{"start":{"line":124,"column":17},"end":{"line":124,"column":31}},"18":{"start":{"line":125,"column":20},"end":{"line":125,"column":30}},"19":{"start":{"line":127,"column":4},"end":{"line":129,"column":5}},"20":{"start":{"line":128,"column":6},"end":{"line":128,"column":13}},"21":{"start":{"line":131,"column":22},"end":{"line":131,"column":33}},"22":{"start":{"line":132,"column":4},"end":{"line":137,"column":5}},"23":{"start":{"line":133,"column":6},"end":{"line":135,"column":7}},"24":{"start":{"line":134,"column":8},"end":{"line":134,"column":23}},"25":{"start":{"line":136,"column":6},"end":{"line":136,"column":25}},"26":{"start":{"line":139,"column":4},"end":{"line":139,"column":28}},"27":{"start":{"line":140,"column":4},"end":{"line":140,"column":16}},"28":{"start":{"line":147,"column":4},"end":{"line":147,"column":61}},"29":{"start":{"line":148,"column":4},"end":{"line":148,"column":16}},"30":{"start":{"line":156,"column":4},"end":{"line":156,"column":29}},"31":{"start":{"line":164,"column":4},"end":{"line":164,"column":31}},"32":{"start":{"line":171,"column":4},"end":{"line":193,"column":5}},"33":{"start":{"line":172,"column":6},"end":{"line":176,"column":7}},"34":{"start":{"line":174,"column":8},"end":{"line":174,"column":20}},"35":{"start":{"line":175,"column":8},"end":{"line":175,"column":15}},"36":{"start":{"line":178,"column":19},"end":{"line":178,"column":64}},"37":{"start":{"line":179,"column":21},"end":{"line":179,"column":37}},"38":{"start":{"line":182,"column":6},"end":{"line":187,"column":7}},"39":{"start":{"line":183,"column":8},"end":{"line":183,"column":63}},"40":{"start":{"line":185,"column":8},"end":{"line":185,"column":67}},"41":{"start":{"line":186,"column":8},"end":{"line":186,"column":44}},"42":{"start":{"line":189,"column":6},"end":{"line":189,"column":60}},"43":{"start":{"line":190,"column":6},"end":{"line":190,"column":62}},"44":{"start":{"line":191,"column":6},"end":{"line":191,"column":31}},"45":{"start":{"line":192,"column":6},"end":{"line":192,"column":42}},"46":{"start":{"line":201,"column":4},"end":{"line":203,"column":5}},"47":{"start":{"line":202,"column":6},"end":{"line":202,"column":13}},"48":{"start":{"line":205,"column":4},"end":{"line":222,"column":5}},"49":{"start":{"line":207,"column":18},"end":{"line":207,"column":51}},"50":{"start":{"line":208,"column":6},"end":{"line":210,"column":7}},"51":{"start":{"line":209,"column":8},"end":{"line":209,"column":47}},"52":{"start":{"line":213,"column":6},"end":{"line":217,"column":8}},"53":{"start":{"line":219,"column":6},"end":{"line":219,"column":60}},"54":{"start":{"line":220,"column":6},"end":{"line":220,"column":50}},"55":{"start":{"line":221,"column":6},"end":{"line":221,"column":31}},"56":{"start":{"line":231,"column":4},"end":{"line":233,"column":5}},"57":{"start":{"line":232,"column":6},"end":{"line":232,"column":19}},"58":{"start":{"line":236,"column":4},"end":{"line":238,"column":5}},"59":{"start":{"line":237,"column":6},"end":{"line":237,"column":19}},"60":{"start":{"line":241,"column":4},"end":{"line":251,"column":5}},"61":{"start":{"line":242,"column":6},"end":{"line":244,"column":7}},"62":{"start":{"line":243,"column":8},"end":{"line":243,"column":21}},"63":{"start":{"line":245,"column":6},"end":{"line":247,"column":7}},"64":{"start":{"line":246,"column":8},"end":{"line":246,"column":21}},"65":{"start":{"line":248,"column":6},"end":{"line":250,"column":7}},"66":{"start":{"line":249,"column":8},"end":{"line":249,"column":21}},"67":{"start":{"line":254,"column":4},"end":{"line":264,"column":5}},"68":{"start":{"line":255,"column":6},"end":{"line":257,"column":7}},"69":{"start":{"line":256,"column":8},"end":{"line":256,"column":21}},"70":{"start":{"line":258,"column":6},"end":{"line":260,"column":7}},"71":{"start":{"line":259,"column":8},"end":{"line":259,"column":21}},"72":{"start":{"line":261,"column":6},"end":{"line":263,"column":7}},"73":{"start":{"line":262,"column":8},"end":{"line":262,"column":21}},"74":{"start":{"line":266,"column":4},"end":{"line":266,"column":16}},"75":{"start":{"line":276,"column":24},"end":{"line":276,"column":37}},"76":{"start":{"line":278,"column":4},"end":{"line":291,"column":5}},"77":{"start":{"line":279,"column":27},"end":{"line":279,"column":46}},"78":{"start":{"line":280,"column":26},"end":{"line":280,"column":37}},"79":{"start":{"line":282,"column":6},"end":{"line":290,"column":7}},"80":{"start":{"line":283,"column":8},"end":{"line":287,"column":9}},"81":{"start":{"line":284,"column":10},"end":{"line":284,"column":67}},"82":{"start":{"line":286,"column":10},"end":{"line":286,"column":43}},"83":{"start":{"line":289,"column":8},"end":{"line":289,"column":34}},"84":{"start":{"line":293,"column":4},"end":{"line":293,"column":18}},"85":{"start":{"line":66,"column":0},"end":{"line":66,"column":13}}},"fnMap":{"0":{"name":"(anonymous_9)","decl":{"start":{"line":75,"column":2},"end":{"line":75,"column":14}},"loc":{"start":{"line":75,"column":36},"end":{"line":79,"column":3}}},"1":{"name":"(anonymous_10)","decl":{"start":{"line":85,"column":2},"end":{"line":85,"column":11}},"loc":{"start":{"line":85,"column":11},"end":{"line":87,"column":3}}},"2":{"name":"(anonymous_11)","decl":{"start":{"line":93,"column":2},"end":{"line":93,"column":14}},"loc":{"start":{"line":93,"column":42},"end":{"line":96,"column":3}}},"3":{"name":"(anonymous_12)","decl":{"start":{"line":103,"column":2},"end":{"line":103,"column":5}},"loc":{"start":{"line":103,"column":26},"end":{"line":116,"column":3}}},"4":{"name":"(anonymous_13)","decl":{"start":{"line":123,"column":2},"end":{"line":123,"column":5}},"loc":{"start":{"line":123,"column":29},"end":{"line":141,"column":3}}},"5":{"name":"(anonymous_14)","decl":{"start":{"line":146,"column":2},"end":{"line":146,"column":7}},"loc":{"start":{"line":146,"column":7},"end":{"line":149,"column":3}}},"6":{"name":"(anonymous_15)","decl":{"start":{"line":155,"column":2},"end":{"line":155,"column":16}},"loc":{"start":{"line":155,"column":16},"end":{"line":157,"column":3}}},"7":{"name":"(anonymous_16)","decl":{"start":{"line":163,"column":2},"end":{"line":163,"column":19}},"loc":{"start":{"line":163,"column":19},"end":{"line":165,"column":3}}},"8":{"name":"(anonymous_17)","decl":{"start":{"line":170,"column":10},"end":{"line":170,"column":14}},"loc":{"start":{"line":170,"column":14},"end":{"line":194,"column":3}}},"9":{"name":"(anonymous_18)","decl":{"start":{"line":199,"column":10},"end":{"line":199,"column":14}},"loc":{"start":{"line":199,"column":14},"end":{"line":223,"column":3}}},"10":{"name":"(anonymous_19)","decl":{"start":{"line":230,"column":10},"end":{"line":230,"column":24}},"loc":{"start":{"line":230,"column":36},"end":{"line":267,"column":3}}},"11":{"name":"(anonymous_20)","decl":{"start":{"line":275,"column":10},"end":{"line":275,"column":21}},"loc":{"start":{"line":275,"column":67},"end":{"line":294,"column":3}}}},"branchMap":{"0":{"loc":{"start":{"line":108,"column":6},"end":{"line":112,"column":7}},"type":"if","locations":[{"start":{"line":108,"column":6},"end":{"line":112,"column":7}},{"start":{"line":110,"column":13},"end":{"line":112,"column":7}}]},"1":{"loc":{"start":{"line":108,"column":10},"end":{"line":108,"column":58}},"type":"binary-expr","locations":[{"start":{"line":108,"column":10},"end":{"line":108,"column":15}},{"start":{"line":108,"column":19},"end":{"line":108,"column":44}},{"start":{"line":108,"column":48},"end":{"line":108,"column":58}}]},"2":{"loc":{"start":{"line":127,"column":4},"end":{"line":129,"column":5}},"type":"if","locations":[{"start":{"line":127,"column":4},"end":{"line":129,"column":5}}]},"3":{"loc":{"start":{"line":133,"column":6},"end":{"line":135,"column":7}},"type":"if","locations":[{"start":{"line":133,"column":6},"end":{"line":135,"column":7}}]},"4":{"loc":{"start":{"line":133,"column":10},"end":{"line":133,"column":57}},"type":"binary-expr","locations":[{"start":{"line":133,"column":10},"end":{"line":133,"column":24}},{"start":{"line":133,"column":28},"end":{"line":133,"column":57}}]},"5":{"loc":{"start":{"line":172,"column":6},"end":{"line":176,"column":7}},"type":"if","locations":[{"start":{"line":172,"column":6},"end":{"line":176,"column":7}}]},"6":{"loc":{"start":{"line":182,"column":6},"end":{"line":187,"column":7}},"type":"if","locations":[{"start":{"line":182,"column":6},"end":{"line":187,"column":7}},{"start":{"line":184,"column":13},"end":{"line":187,"column":7}}]},"7":{"loc":{"start":{"line":201,"column":4},"end":{"line":203,"column":5}},"type":"if","locations":[{"start":{"line":201,"column":4},"end":{"line":203,"column":5}}]},"8":{"loc":{"start":{"line":208,"column":6},"end":{"line":210,"column":7}},"type":"if","locations":[{"start":{"line":208,"column":6},"end":{"line":210,"column":7}}]},"9":{"loc":{"start":{"line":231,"column":4},"end":{"line":233,"column":5}},"type":"if","locations":[{"start":{"line":231,"column":4},"end":{"line":233,"column":5}}]},"10":{"loc":{"start":{"line":231,"column":8},"end":{"line":231,"column":45}},"type":"binary-expr","locations":[{"start":{"line":231,"column":8},"end":{"line":231,"column":15}},{"start":{"line":231,"column":19},"end":{"line":231,"column":45}}]},"11":{"loc":{"start":{"line":236,"column":4},"end":{"line":238,"column":5}},"type":"if","locations":[{"start":{"line":236,"column":4},"end":{"line":238,"column":5}}]},"12":{"loc":{"start":{"line":236,"column":8},"end":{"line":236,"column":61}},"type":"binary-expr","locations":[{"start":{"line":236,"column":8},"end":{"line":236,"column":23}},{"start":{"line":236,"column":27},"end":{"line":236,"column":61}}]},"13":{"loc":{"start":{"line":241,"column":4},"end":{"line":251,"column":5}},"type":"if","locations":[{"start":{"line":241,"column":4},"end":{"line":251,"column":5}}]},"14":{"loc":{"start":{"line":242,"column":6},"end":{"line":244,"column":7}},"type":"if","locations":[{"start":{"line":242,"column":6},"end":{"line":244,"column":7}}]},"15":{"loc":{"start":{"line":242,"column":10},"end":{"line":242,"column":69}},"type":"binary-expr","locations":[{"start":{"line":242,"column":10},"end":{"line":242,"column":43}},{"start":{"line":242,"column":47},"end":{"line":242,"column":69}}]},"16":{"loc":{"start":{"line":245,"column":6},"end":{"line":247,"column":7}},"type":"if","locations":[{"start":{"line":245,"column":6},"end":{"line":247,"column":7}}]},"17":{"loc":{"start":{"line":245,"column":10},"end":{"line":245,"column":118}},"type":"binary-expr","locations":[{"start":{"line":245,"column":10},"end":{"line":245,"column":43}},{"start":{"line":245,"column":48},"end":{"line":245,"column":87}},{"start":{"line":245,"column":91},"end":{"line":245,"column":117}}]},"18":{"loc":{"start":{"line":248,"column":6},"end":{"line":250,"column":7}},"type":"if","locations":[{"start":{"line":248,"column":6},"end":{"line":250,"column":7}}]},"19":{"loc":{"start":{"line":248,"column":10},"end":{"line":248,"column":121}},"type":"binary-expr","locations":[{"start":{"line":248,"column":10},"end":{"line":248,"column":44}},{"start":{"line":248,"column":49},"end":{"line":248,"column":89}},{"start":{"line":248,"column":93},"end":{"line":248,"column":120}}]},"20":{"loc":{"start":{"line":254,"column":4},"end":{"line":264,"column":5}},"type":"if","locations":[{"start":{"line":254,"column":4},"end":{"line":264,"column":5}}]},"21":{"loc":{"start":{"line":255,"column":6},"end":{"line":257,"column":7}},"type":"if","locations":[{"start":{"line":255,"column":6},"end":{"line":257,"column":7}}]},"22":{"loc":{"start":{"line":255,"column":10},"end":{"line":255,"column":69}},"type":"binary-expr","locations":[{"start":{"line":255,"column":10},"end":{"line":255,"column":43}},{"start":{"line":255,"column":47},"end":{"line":255,"column":69}}]},"23":{"loc":{"start":{"line":258,"column":6},"end":{"line":260,"column":7}},"type":"if","locations":[{"start":{"line":258,"column":6},"end":{"line":260,"column":7}}]},"24":{"loc":{"start":{"line":258,"column":10},"end":{"line":258,"column":115}},"type":"binary-expr","locations":[{"start":{"line":258,"column":10},"end":{"line":258,"column":42}},{"start":{"line":258,"column":47},"end":{"line":258,"column":85}},{"start":{"line":258,"column":89},"end":{"line":258,"column":114}}]},"25":{"loc":{"start":{"line":261,"column":6},"end":{"line":263,"column":7}},"type":"if","locations":[{"start":{"line":261,"column":6},"end":{"line":263,"column":7}}]},"26":{"loc":{"start":{"line":261,"column":10},"end":{"line":261,"column":95}},"type":"binary-expr","locations":[{"start":{"line":261,"column":10},"end":{"line":261,"column":47}},{"start":{"line":261,"column":51},"end":{"line":261,"column":95}}]},"27":{"loc":{"start":{"line":282,"column":6},"end":{"line":290,"column":7}},"type":"if","locations":[{"start":{"line":282,"column":6},"end":{"line":290,"column":7}},{"start":{"line":288,"column":13},"end":{"line":290,"column":7}}]},"28":{"loc":{"start":{"line":282,"column":10},"end":{"line":282,"column":87}},"type":"binary-expr","locations":[{"start":{"line":282,"column":10},"end":{"line":282,"column":21}},{"start":{"line":282,"column":25},"end":{"line":282,"column":56}},{"start":{"line":282,"column":60},"end":{"line":282,"column":87}}]},"29":{"loc":{"start":{"line":283,"column":8},"end":{"line":287,"column":9}},"type":"if","locations":[{"start":{"line":283,"column":8},"end":{"line":287,"column":9}},{"start":{"line":285,"column":15},"end":{"line":287,"column":9}}]},"30":{"loc":{"start":{"line":283,"column":12},"end":{"line":283,"column":89}},"type":"binary-expr","locations":[{"start":{"line":283,"column":12},"end":{"line":283,"column":23}},{"start":{"line":283,"column":27},"end":{"line":283,"column":58}},{"start":{"line":283,"column":62},"end":{"line":283,"column":89}}]}},"s":{"0":1,"1":1,"2":1,"3":52,"4":52,"5":52,"6":52,"7":19,"8":13,"9":13,"10":10,"11":10,"12":10,"13":18,"14":16,"15":2,"16":8,"17":6,"18":6,"19":6,"20":1,"21":5,"22":5,"23":5,"24":2,"25":5,"26":5,"27":5,"28":2,"29":2,"30":3,"31":1,"32":52,"33":52,"34":38,"35":38,"36":14,"37":14,"38":10,"39":5,"40":5,"41":5,"42":4,"43":4,"44":4,"45":4,"46":58,"47":2,"48":56,"49":56,"50":56,"51":1,"52":56,"53":0,"54":0,"55":0,"56":10,"57":0,"58":10,"59":1,"60":9,"61":8,"62":2,"63":6,"64":1,"65":5,"66":0,"67":6,"68":4,"69":0,"70":4,"71":1,"72":3,"73":0,"74":5,"75":51,"76":51,"77":97,"78":97,"79":97,"80":33,"81":33,"82":0,"83":64,"84":51,"85":1},"f":{"0":52,"1":19,"2":13,"3":10,"4":6,"5":2,"6":3,"7":1,"8":52,"9":58,"10":10,"11":51},"b":{"0":[16,2],"1":[18,18,18],"2":[1],"3":[2],"4":[5,3],"5":[38],"6":[5,5],"7":[2],"8":[1],"9":[0],"10":[10,10],"11":[1],"12":[10,9],"13":[8],"14":[2],"15":[8,6],"16":[1],"17":[6,6,5],"18":[0],"19":[5,4,4],"20":[4],"21":[0],"22":[4,4],"23":[1],"24":[4,4,3],"25":[0],"26":[3,3],"27":[33,64],"28":[97,93,33],"29":[33,0],"30":[33,33,33]}}
,"C:\\storycore-engine\\electron\\ProjectValidator.ts": {"path":"C:\\storycore-engine\\electron\\ProjectValidator.ts","statementMap":{"0":{"start":{"line":8,"column":0},"end":{"line":8,"column":25}},"1":{"start":{"line":9,"column":0},"end":{"line":9,"column":29}},"2":{"start":{"line":69,"column":26},"end":{"line":74,"column":2}},"3":{"start":{"line":86,"column":38},"end":{"line":86,"column":40}},"4":{"start":{"line":87,"column":42},"end":{"line":87,"column":44}},"5":{"start":{"line":90,"column":4},"end":{"line":206,"column":5}},"6":{"start":{"line":92,"column":6},"end":{"line":100,"column":7}},"7":{"start":{"line":93,"column":8},"end":{"line":98,"column":11}},"8":{"start":{"line":99,"column":8},"end":{"line":99,"column":52}},"9":{"start":{"line":103,"column":20},"end":{"line":103,"column":44}},"10":{"start":{"line":104,"column":6},"end":{"line":112,"column":7}},"11":{"start":{"line":105,"column":8},"end":{"line":110,"column":11}},"12":{"start":{"line":111,"column":8},"end":{"line":111,"column":52}},"13":{"start":{"line":115,"column":6},"end":{"line":125,"column":7}},"14":{"start":{"line":116,"column":25},"end":{"line":116,"column":53}},"15":{"start":{"line":117,"column":8},"end":{"line":124,"column":9}},"16":{"start":{"line":118,"column":10},"end":{"line":123,"column":13}},"17":{"start":{"line":128,"column":6},"end":{"line":138,"column":7}},"18":{"start":{"line":129,"column":25},"end":{"line":129,"column":53}},"19":{"start":{"line":130,"column":8},"end":{"line":137,"column":9}},"20":{"start":{"line":131,"column":10},"end":{"line":136,"column":13}},"21":{"start":{"line":141,"column":6},"end":{"line":161,"column":7}},"22":{"start":{"line":142,"column":24},"end":{"line":142,"column":51}},"23":{"start":{"line":143,"column":8},"end":{"line":160,"column":9}},"24":{"start":{"line":144,"column":10},"end":{"line":149,"column":13}},"25":{"start":{"line":151,"column":27},"end":{"line":151,"column":47}},"26":{"start":{"line":152,"column":10},"end":{"line":159,"column":11}},"27":{"start":{"line":153,"column":12},"end":{"line":158,"column":15}},"28":{"start":{"line":164,"column":30},"end":{"line":164,"column":68}},"29":{"start":{"line":165,"column":6},"end":{"line":179,"column":7}},"30":{"start":{"line":166,"column":8},"end":{"line":178,"column":9}},"31":{"start":{"line":167,"column":31},"end":{"line":167,"column":80}},"32":{"start":{"line":168,"column":10},"end":{"line":168,"column":39}},"33":{"start":{"line":169,"column":10},"end":{"line":169,"column":46}},"34":{"start":{"line":170,"column":10},"end":{"line":170,"column":50}},"35":{"start":{"line":172,"column":10},"end":{"line":177,"column":13}},"36":{"start":{"line":182,"column":6},"end":{"line":191,"column":7}},"37":{"start":{"line":183,"column":8},"end":{"line":183,"column":74}},"38":{"start":{"line":185,"column":8},"end":{"line":190,"column":11}},"39":{"start":{"line":193,"column":6},"end":{"line":198,"column":8}},"40":{"start":{"line":200,"column":6},"end":{"line":204,"column":9}},"41":{"start":{"line":205,"column":6},"end":{"line":205,"column":50}},"42":{"start":{"line":219,"column":38},"end":{"line":219,"column":40}},"43":{"start":{"line":220,"column":42},"end":{"line":220,"column":44}},"44":{"start":{"line":222,"column":4},"end":{"line":352,"column":5}},"45":{"start":{"line":224,"column":22},"end":{"line":224,"column":58}},"46":{"start":{"line":227,"column":6},"end":{"line":237,"column":7}},"47":{"start":{"line":228,"column":8},"end":{"line":228,"column":37}},"48":{"start":{"line":230,"column":8},"end":{"line":235,"column":11}},"49":{"start":{"line":236,"column":8},"end":{"line":236,"column":36}},"50":{"start":{"line":240,"column":6},"end":{"line":247,"column":7}},"51":{"start":{"line":241,"column":8},"end":{"line":245,"column":11}},"52":{"start":{"line":246,"column":8},"end":{"line":246,"column":36}},"53":{"start":{"line":249,"column":18},"end":{"line":249,"column":50}},"54":{"start":{"line":252,"column":6},"end":{"line":259,"column":7}},"55":{"start":{"line":253,"column":8},"end":{"line":258,"column":11}},"56":{"start":{"line":261,"column":6},"end":{"line":268,"column":7}},"57":{"start":{"line":262,"column":8},"end":{"line":267,"column":11}},"58":{"start":{"line":270,"column":6},"end":{"line":292,"column":7}},"59":{"start":{"line":271,"column":8},"end":{"line":276,"column":11}},"60":{"start":{"line":279,"column":21},"end":{"line":279,"column":37}},"61":{"start":{"line":280,"column":29},"end":{"line":280,"column":99}},"62":{"start":{"line":282,"column":8},"end":{"line":291,"column":9}},"63":{"start":{"line":283,"column":10},"end":{"line":290,"column":11}},"64":{"start":{"line":284,"column":12},"end":{"line":289,"column":15}},"65":{"start":{"line":294,"column":6},"end":{"line":323,"column":7}},"66":{"start":{"line":295,"column":8},"end":{"line":300,"column":11}},"67":{"start":{"line":303,"column":23},"end":{"line":303,"column":44}},"68":{"start":{"line":304,"column":30},"end":{"line":304,"column":69}},"69":{"start":{"line":306,"column":8},"end":{"line":313,"column":9}},"70":{"start":{"line":307,"column":10},"end":{"line":312,"column":13}},"71":{"start":{"line":315,"column":8},"end":{"line":322,"column":9}},"72":{"start":{"line":316,"column":10},"end":{"line":321,"column":13}},"73":{"start":{"line":326,"column":6},"end":{"line":333,"column":7}},"74":{"start":{"line":327,"column":8},"end":{"line":332,"column":11}},"75":{"start":{"line":336,"column":6},"end":{"line":342,"column":7}},"76":{"start":{"line":337,"column":8},"end":{"line":341,"column":10}},"77":{"start":{"line":344,"column":6},"end":{"line":344,"column":34}},"78":{"start":{"line":346,"column":6},"end":{"line":350,"column":9}},"79":{"start":{"line":351,"column":6},"end":{"line":351,"column":34}},"80":{"start":{"line":361,"column":4},"end":{"line":376,"column":5}},"81":{"start":{"line":362,"column":6},"end":{"line":364,"column":7}},"82":{"start":{"line":363,"column":8},"end":{"line":363,"column":21}},"83":{"start":{"line":366,"column":20},"end":{"line":366,"column":44}},"84":{"start":{"line":367,"column":6},"end":{"line":369,"column":7}},"85":{"start":{"line":368,"column":8},"end":{"line":368,"column":21}},"86":{"start":{"line":372,"column":30},"end":{"line":372,"column":68}},"87":{"start":{"line":373,"column":6},"end":{"line":373,"column":44}},"88":{"start":{"line":375,"column":6},"end":{"line":375,"column":19}},"89":{"start":{"line":385,"column":4},"end":{"line":387,"column":5}},"90":{"start":{"line":386,"column":6},"end":{"line":386,"column":16}},"91":{"start":{"line":389,"column":4},"end":{"line":391,"column":5}},"92":{"start":{"line":390,"column":6},"end":{"line":390,"column":40}},"93":{"start":{"line":394,"column":25},"end":{"line":394,"column":77}},"94":{"start":{"line":394,"column":51},"end":{"line":394,"column":76}},"95":{"start":{"line":395,"column":24},"end":{"line":395,"column":81}},"96":{"start":{"line":395,"column":50},"end":{"line":395,"column":80}},"97":{"start":{"line":396,"column":25},"end":{"line":396,"column":79}},"98":{"start":{"line":396,"column":51},"end":{"line":396,"column":78}},"99":{"start":{"line":397,"column":29},"end":{"line":397,"column":79}},"100":{"start":{"line":397,"column":55},"end":{"line":397,"column":78}},"101":{"start":{"line":399,"column":31},"end":{"line":399,"column":33}},"102":{"start":{"line":401,"column":4},"end":{"line":403,"column":5}},"103":{"start":{"line":402,"column":6},"end":{"line":402,"column":82}},"104":{"start":{"line":402,"column":60},"end":{"line":402,"column":66}},"105":{"start":{"line":405,"column":4},"end":{"line":407,"column":5}},"106":{"start":{"line":406,"column":6},"end":{"line":406,"column":87}},"107":{"start":{"line":406,"column":65},"end":{"line":406,"column":71}},"108":{"start":{"line":409,"column":4},"end":{"line":411,"column":5}},"109":{"start":{"line":410,"column":6},"end":{"line":410,"column":77}},"110":{"start":{"line":413,"column":4},"end":{"line":415,"column":5}},"111":{"start":{"line":414,"column":6},"end":{"line":414,"column":41}},"112":{"start":{"line":417,"column":4},"end":{"line":417,"column":31}},"113":{"start":{"line":79,"column":0},"end":{"line":79,"column":13}}},"fnMap":{"0":{"name":"(anonymous_9)","decl":{"start":{"line":85,"column":2},"end":{"line":85,"column":7}},"loc":{"start":{"line":85,"column":36},"end":{"line":207,"column":3}}},"1":{"name":"(anonymous_10)","decl":{"start":{"line":214,"column":10},"end":{"line":214,"column":15}},"loc":{"start":{"line":214,"column":56},"end":{"line":353,"column":3}}},"2":{"name":"(anonymous_11)","decl":{"start":{"line":360,"column":2},"end":{"line":360,"column":7}},"loc":{"start":{"line":360,"column":38},"end":{"line":377,"column":3}}},"3":{"name":"(anonymous_12)","decl":{"start":{"line":384,"column":2},"end":{"line":384,"column":17}},"loc":{"start":{"line":384,"column":42},"end":{"line":418,"column":3}}},"4":{"name":"(anonymous_13)","decl":{"start":{"line":394,"column":46},"end":{"line":394,"column":47}},"loc":{"start":{"line":394,"column":51},"end":{"line":394,"column":76}}},"5":{"name":"(anonymous_14)","decl":{"start":{"line":395,"column":45},"end":{"line":395,"column":46}},"loc":{"start":{"line":395,"column":50},"end":{"line":395,"column":80}}},"6":{"name":"(anonymous_15)","decl":{"start":{"line":396,"column":46},"end":{"line":396,"column":47}},"loc":{"start":{"line":396,"column":51},"end":{"line":396,"column":78}}},"7":{"name":"(anonymous_16)","decl":{"start":{"line":397,"column":50},"end":{"line":397,"column":51}},"loc":{"start":{"line":397,"column":55},"end":{"line":397,"column":78}}},"8":{"name":"(anonymous_17)","decl":{"start":{"line":402,"column":55},"end":{"line":402,"column":56}},"loc":{"start":{"line":402,"column":60},"end":{"line":402,"column":66}}},"9":{"name":"(anonymous_18)","decl":{"start":{"line":406,"column":60},"end":{"line":406,"column":61}},"loc":{"start":{"line":406,"column":65},"end":{"line":406,"column":71}}}},"branchMap":{"0":{"loc":{"start":{"line":92,"column":6},"end":{"line":100,"column":7}},"type":"if","locations":[{"start":{"line":92,"column":6},"end":{"line":100,"column":7}}]},"1":{"loc":{"start":{"line":104,"column":6},"end":{"line":112,"column":7}},"type":"if","locations":[{"start":{"line":104,"column":6},"end":{"line":112,"column":7}}]},"2":{"loc":{"start":{"line":117,"column":8},"end":{"line":124,"column":9}},"type":"if","locations":[{"start":{"line":117,"column":8},"end":{"line":124,"column":9}}]},"3":{"loc":{"start":{"line":130,"column":8},"end":{"line":137,"column":9}},"type":"if","locations":[{"start":{"line":130,"column":8},"end":{"line":137,"column":9}}]},"4":{"loc":{"start":{"line":143,"column":8},"end":{"line":160,"column":9}},"type":"if","locations":[{"start":{"line":143,"column":8},"end":{"line":160,"column":9}},{"start":{"line":150,"column":15},"end":{"line":160,"column":9}}]},"5":{"loc":{"start":{"line":152,"column":10},"end":{"line":159,"column":11}},"type":"if","locations":[{"start":{"line":152,"column":10},"end":{"line":159,"column":11}}]},"6":{"loc":{"start":{"line":165,"column":6},"end":{"line":179,"column":7}},"type":"if","locations":[{"start":{"line":165,"column":6},"end":{"line":179,"column":7}}]},"7":{"loc":{"start":{"line":175,"column":57},"end":{"line":175,"column":111}},"type":"cond-expr","locations":[{"start":{"line":175,"column":82},"end":{"line":175,"column":95}},{"start":{"line":175,"column":98},"end":{"line":175,"column":111}}]},"8":{"loc":{"start":{"line":203,"column":39},"end":{"line":203,"column":93}},"type":"cond-expr","locations":[{"start":{"line":203,"column":64},"end":{"line":203,"column":77}},{"start":{"line":203,"column":80},"end":{"line":203,"column":93}}]},"9":{"loc":{"start":{"line":240,"column":6},"end":{"line":247,"column":7}},"type":"if","locations":[{"start":{"line":240,"column":6},"end":{"line":247,"column":7}}]},"10":{"loc":{"start":{"line":240,"column":10},"end":{"line":240,"column":47}},"type":"binary-expr","locations":[{"start":{"line":240,"column":10},"end":{"line":240,"column":17}},{"start":{"line":240,"column":21},"end":{"line":240,"column":47}}]},"11":{"loc":{"start":{"line":252,"column":6},"end":{"line":259,"column":7}},"type":"if","locations":[{"start":{"line":252,"column":6},"end":{"line":259,"column":7}}]},"12":{"loc":{"start":{"line":252,"column":10},"end":{"line":252,"column":71}},"type":"binary-expr","locations":[{"start":{"line":252,"column":10},"end":{"line":252,"column":29}},{"start":{"line":252,"column":33},"end":{"line":252,"column":71}}]},"13":{"loc":{"start":{"line":261,"column":6},"end":{"line":268,"column":7}},"type":"if","locations":[{"start":{"line":261,"column":6},"end":{"line":268,"column":7}}]},"14":{"loc":{"start":{"line":261,"column":10},"end":{"line":261,"column":67}},"type":"binary-expr","locations":[{"start":{"line":261,"column":10},"end":{"line":261,"column":27}},{"start":{"line":261,"column":31},"end":{"line":261,"column":67}}]},"15":{"loc":{"start":{"line":270,"column":6},"end":{"line":292,"column":7}},"type":"if","locations":[{"start":{"line":270,"column":6},"end":{"line":292,"column":7}},{"start":{"line":277,"column":13},"end":{"line":292,"column":7}}]},"16":{"loc":{"start":{"line":270,"column":10},"end":{"line":270,"column":67}},"type":"binary-expr","locations":[{"start":{"line":270,"column":10},"end":{"line":270,"column":27}},{"start":{"line":270,"column":31},"end":{"line":270,"column":67}}]},"17":{"loc":{"start":{"line":283,"column":10},"end":{"line":290,"column":11}},"type":"if","locations":[{"start":{"line":283,"column":10},"end":{"line":290,"column":11}}]},"18":{"loc":{"start":{"line":294,"column":6},"end":{"line":323,"column":7}},"type":"if","locations":[{"start":{"line":294,"column":6},"end":{"line":323,"column":7}},{"start":{"line":301,"column":13},"end":{"line":323,"column":7}}]},"19":{"loc":{"start":{"line":294,"column":10},"end":{"line":294,"column":77}},"type":"binary-expr","locations":[{"start":{"line":294,"column":10},"end":{"line":294,"column":32}},{"start":{"line":294,"column":36},"end":{"line":294,"column":77}}]},"20":{"loc":{"start":{"line":306,"column":8},"end":{"line":313,"column":9}},"type":"if","locations":[{"start":{"line":306,"column":8},"end":{"line":313,"column":9}}]},"21":{"loc":{"start":{"line":315,"column":8},"end":{"line":322,"column":9}},"type":"if","locations":[{"start":{"line":315,"column":8},"end":{"line":322,"column":9}}]},"22":{"loc":{"start":{"line":326,"column":6},"end":{"line":333,"column":7}},"type":"if","locations":[{"start":{"line":326,"column":6},"end":{"line":333,"column":7}}]},"23":{"loc":{"start":{"line":326,"column":10},"end":{"line":326,"column":68}},"type":"binary-expr","locations":[{"start":{"line":326,"column":10},"end":{"line":326,"column":31}},{"start":{"line":326,"column":35},"end":{"line":326,"column":68}}]},"24":{"loc":{"start":{"line":336,"column":6},"end":{"line":342,"column":7}},"type":"if","locations":[{"start":{"line":336,"column":6},"end":{"line":342,"column":7}}]},"25":{"loc":{"start":{"line":349,"column":49},"end":{"line":349,"column":103}},"type":"cond-expr","locations":[{"start":{"line":349,"column":74},"end":{"line":349,"column":87}},{"start":{"line":349,"column":90},"end":{"line":349,"column":103}}]},"26":{"loc":{"start":{"line":362,"column":6},"end":{"line":364,"column":7}},"type":"if","locations":[{"start":{"line":362,"column":6},"end":{"line":364,"column":7}}]},"27":{"loc":{"start":{"line":367,"column":6},"end":{"line":369,"column":7}},"type":"if","locations":[{"start":{"line":367,"column":6},"end":{"line":369,"column":7}}]},"28":{"loc":{"start":{"line":385,"column":4},"end":{"line":387,"column":5}},"type":"if","locations":[{"start":{"line":385,"column":4},"end":{"line":387,"column":5}}]},"29":{"loc":{"start":{"line":389,"column":4},"end":{"line":391,"column":5}},"type":"if","locations":[{"start":{"line":389,"column":4},"end":{"line":391,"column":5}}]},"30":{"loc":{"start":{"line":401,"column":4},"end":{"line":403,"column":5}},"type":"if","locations":[{"start":{"line":401,"column":4},"end":{"line":403,"column":5}}]},"31":{"loc":{"start":{"line":405,"column":4},"end":{"line":407,"column":5}},"type":"if","locations":[{"start":{"line":405,"column":4},"end":{"line":407,"column":5}}]},"32":{"loc":{"start":{"line":409,"column":4},"end":{"line":411,"column":5}},"type":"if","locations":[{"start":{"line":409,"column":4},"end":{"line":411,"column":5}}]},"33":{"loc":{"start":{"line":413,"column":4},"end":{"line":415,"column":5}},"type":"if","locations":[{"start":{"line":413,"column":4},"end":{"line":415,"column":5}}]}},"s":{"0":1,"1":1,"2":1,"3":11,"4":11,"5":11,"6":11,"7":1,"8":1,"9":10,"10":10,"11":1,"12":1,"13":9,"14":9,"15":9,"16":1,"17":9,"18":18,"19":18,"20":18,"21":9,"22":0,"23":0,"24":0,"25":0,"26":0,"27":0,"28":9,"29":9,"30":8,"31":8,"32":8,"33":8,"34":8,"35":0,"36":9,"37":9,"38":0,"39":9,"40":0,"41":0,"42":8,"43":8,"44":8,"45":8,"46":8,"47":8,"48":1,"49":1,"50":7,"51":0,"52":0,"53":7,"54":7,"55":1,"56":7,"57":1,"58":7,"59":1,"60":6,"61":6,"62":6,"63":24,"64":0,"65":7,"66":0,"67":7,"68":7,"69":7,"70":1,"71":7,"72":0,"73":7,"74":1,"75":7,"76":3,"77":4,"78":0,"79":0,"80":4,"81":4,"82":1,"83":3,"84":3,"85":1,"86":2,"87":2,"88":0,"89":5,"90":1,"91":4,"92":0,"93":4,"94":5,"95":4,"96":5,"97":4,"98":5,"99":4,"100":5,"101":4,"102":4,"103":2,"104":2,"105":4,"106":0,"107":0,"108":4,"109":2,"110":4,"111":1,"112":4,"113":1},"f":{"0":11,"1":8,"2":4,"3":5,"4":5,"5":5,"6":5,"7":5,"8":2,"9":0},"b":{"0":[1],"1":[1],"2":[1],"3":[18],"4":[0,0],"5":[0],"6":[8],"7":[0,0],"8":[0,0],"9":[0],"10":[7,7],"11":[1],"12":[7,6],"13":[1],"14":[7,6],"15":[1,6],"16":[7,6],"17":[0],"18":[0,7],"19":[7,7],"20":[1],"21":[0],"22":[1],"23":[7,1],"24":[3],"25":[0,0],"26":[1],"27":[1],"28":[1],"29":[0],"30":[2],"31":[0],"32":[2],"33":[1]}}
,"C:\\storycore-engine\\electron\\RecentProjectsManager.ts": {"path":"C:\\storycore-engine\\electron\\RecentProjectsManager.ts","statementMap":{"0":{"start":{"line":7,"column":0},"end":{"line":7,"column":25}},"1":{"start":{"line":8,"column":0},"end":{"line":8,"column":29}},"2":{"start":{"line":43,"column":10},"end":{"line":43,"column":41}},"3":{"start":{"line":51,"column":4},"end":{"line":51,"column":43}},"4":{"start":{"line":52,"column":4},"end":{"line":52,"column":16}},"5":{"start":{"line":61,"column":4},"end":{"line":61,"column":71}},"6":{"start":{"line":61,"column":46},"end":{"line":61,"column":69}},"7":{"start":{"line":64,"column":4},"end":{"line":68,"column":7}},"8":{"start":{"line":71,"column":4},"end":{"line":73,"column":5}},"9":{"start":{"line":72,"column":6},"end":{"line":72,"column":81}},"10":{"start":{"line":75,"column":4},"end":{"line":75,"column":16}},"11":{"start":{"line":83,"column":4},"end":{"line":83,"column":70}},"12":{"start":{"line":83,"column":46},"end":{"line":83,"column":68}},"13":{"start":{"line":84,"column":4},"end":{"line":84,"column":16}},"14":{"start":{"line":92,"column":4},"end":{"line":92,"column":30}},"15":{"start":{"line":101,"column":4},"end":{"line":101,"column":59}},"16":{"start":{"line":101,"column":35},"end":{"line":101,"column":57}},"17":{"start":{"line":109,"column":20},"end":{"line":109,"column":67}},"18":{"start":{"line":109,"column":44},"end":{"line":109,"column":66}},"19":{"start":{"line":110,"column":4},"end":{"line":116,"column":5}},"20":{"start":{"line":112,"column":6},"end":{"line":112,"column":72}},"21":{"start":{"line":112,"column":48},"end":{"line":112,"column":70}},"22":{"start":{"line":113,"column":6},"end":{"line":113,"column":40}},"23":{"start":{"line":114,"column":6},"end":{"line":114,"column":37}},"24":{"start":{"line":115,"column":6},"end":{"line":115,"column":18}},"25":{"start":{"line":124,"column":4},"end":{"line":131,"column":5}},"26":{"start":{"line":125,"column":6},"end":{"line":130,"column":7}},"27":{"start":{"line":126,"column":32},"end":{"line":126,"column":71}},"28":{"start":{"line":127,"column":8},"end":{"line":127,"column":56}},"29":{"start":{"line":129,"column":8},"end":{"line":129,"column":31}},"30":{"start":{"line":132,"column":4},"end":{"line":132,"column":30}},"31":{"start":{"line":139,"column":4},"end":{"line":139,"column":40}},"32":{"start":{"line":140,"column":4},"end":{"line":140,"column":66}},"33":{"start":{"line":140,"column":46},"end":{"line":140,"column":64}},"34":{"start":{"line":141,"column":4},"end":{"line":141,"column":16}},"35":{"start":{"line":148,"column":4},"end":{"line":148,"column":23}},"36":{"start":{"line":149,"column":4},"end":{"line":149,"column":16}},"37":{"start":{"line":157,"column":4},"end":{"line":157,"column":32}},"38":{"start":{"line":164,"column":4},"end":{"line":192,"column":5}},"39":{"start":{"line":165,"column":6},"end":{"line":167,"column":7}},"40":{"start":{"line":166,"column":8},"end":{"line":166,"column":15}},"41":{"start":{"line":169,"column":19},"end":{"line":169,"column":65}},"42":{"start":{"line":170,"column":41},"end":{"line":170,"column":57}},"43":{"start":{"line":173,"column":6},"end":{"line":176,"column":7}},"44":{"start":{"line":174,"column":8},"end":{"line":174,"column":77}},"45":{"start":{"line":175,"column":8},"end":{"line":175,"column":15}},"46":{"start":{"line":179,"column":6},"end":{"line":183,"column":10}},"47":{"start":{"line":179,"column":48},"end":{"line":183,"column":8}},"48":{"start":{"line":186,"column":6},"end":{"line":188,"column":7}},"49":{"start":{"line":187,"column":8},"end":{"line":187,"column":83}},"50":{"start":{"line":190,"column":6},"end":{"line":190,"column":62}},"51":{"start":{"line":191,"column":6},"end":{"line":191,"column":25}},"52":{"start":{"line":199,"column":4},"end":{"line":219,"column":5}},"53":{"start":{"line":201,"column":18},"end":{"line":201,"column":52}},"54":{"start":{"line":202,"column":6},"end":{"line":204,"column":7}},"55":{"start":{"line":203,"column":8},"end":{"line":203,"column":47}},"56":{"start":{"line":206,"column":39},"end":{"line":214,"column":8}},"57":{"start":{"line":208,"column":42},"end":{"line":213,"column":10}},"58":{"start":{"line":216,"column":6},"end":{"line":216,"column":85}},"59":{"start":{"line":218,"column":6},"end":{"line":218,"column":62}},"60":{"start":{"line":39,"column":0},"end":{"line":39,"column":13}},"61":{"start":{"line":40,"column":26},"end":{"line":40,"column":41}},"62":{"start":{"line":41,"column":26},"end":{"line":41,"column":41}}},"fnMap":{"0":{"name":"(anonymous_9)","decl":{"start":{"line":50,"column":2},"end":{"line":50,"column":14}},"loc":{"start":{"line":50,"column":37},"end":{"line":53,"column":3}}},"1":{"name":"(anonymous_10)","decl":{"start":{"line":59,"column":2},"end":{"line":59,"column":12}},"loc":{"start":{"line":59,"column":68},"end":{"line":76,"column":3}}},"2":{"name":"(anonymous_11)","decl":{"start":{"line":61,"column":41},"end":{"line":61,"column":42}},"loc":{"start":{"line":61,"column":46},"end":{"line":61,"column":69}}},"3":{"name":"(anonymous_12)","decl":{"start":{"line":82,"column":2},"end":{"line":82,"column":15}},"loc":{"start":{"line":82,"column":35},"end":{"line":85,"column":3}}},"4":{"name":"(anonymous_13)","decl":{"start":{"line":83,"column":41},"end":{"line":83,"column":42}},"loc":{"start":{"line":83,"column":46},"end":{"line":83,"column":68}}},"5":{"name":"(anonymous_14)","decl":{"start":{"line":91,"column":2},"end":{"line":91,"column":13}},"loc":{"start":{"line":91,"column":13},"end":{"line":93,"column":3}}},"6":{"name":"(anonymous_15)","decl":{"start":{"line":100,"column":2},"end":{"line":100,"column":12}},"loc":{"start":{"line":100,"column":32},"end":{"line":102,"column":3}}},"7":{"name":"(anonymous_16)","decl":{"start":{"line":101,"column":30},"end":{"line":101,"column":31}},"loc":{"start":{"line":101,"column":35},"end":{"line":101,"column":57}}},"8":{"name":"(anonymous_17)","decl":{"start":{"line":108,"column":2},"end":{"line":108,"column":20}},"loc":{"start":{"line":108,"column":40},"end":{"line":117,"column":3}}},"9":{"name":"(anonymous_18)","decl":{"start":{"line":109,"column":39},"end":{"line":109,"column":40}},"loc":{"start":{"line":109,"column":44},"end":{"line":109,"column":66}}},"10":{"name":"(anonymous_19)","decl":{"start":{"line":112,"column":43},"end":{"line":112,"column":44}},"loc":{"start":{"line":112,"column":48},"end":{"line":112,"column":70}}},"11":{"name":"(anonymous_20)","decl":{"start":{"line":123,"column":2},"end":{"line":123,"column":7}},"loc":{"start":{"line":123,"column":30},"end":{"line":133,"column":3}}},"12":{"name":"(anonymous_21)","decl":{"start":{"line":138,"column":2},"end":{"line":138,"column":7}},"loc":{"start":{"line":138,"column":30},"end":{"line":142,"column":3}}},"13":{"name":"(anonymous_22)","decl":{"start":{"line":140,"column":41},"end":{"line":140,"column":42}},"loc":{"start":{"line":140,"column":46},"end":{"line":140,"column":64}}},"14":{"name":"(anonymous_23)","decl":{"start":{"line":147,"column":2},"end":{"line":147,"column":7}},"loc":{"start":{"line":147,"column":7},"end":{"line":150,"column":3}}},"15":{"name":"(anonymous_24)","decl":{"start":{"line":156,"column":2},"end":{"line":156,"column":10}},"loc":{"start":{"line":156,"column":10},"end":{"line":158,"column":3}}},"16":{"name":"(anonymous_25)","decl":{"start":{"line":163,"column":10},"end":{"line":163,"column":14}},"loc":{"start":{"line":163,"column":14},"end":{"line":193,"column":3}}},"17":{"name":"(anonymous_26)","decl":{"start":{"line":179,"column":42},"end":{"line":179,"column":43}},"loc":{"start":{"line":179,"column":48},"end":{"line":183,"column":8}}},"18":{"name":"(anonymous_27)","decl":{"start":{"line":198,"column":10},"end":{"line":198,"column":14}},"loc":{"start":{"line":198,"column":14},"end":{"line":220,"column":3}}},"19":{"name":"(anonymous_28)","decl":{"start":{"line":208,"column":36},"end":{"line":208,"column":37}},"loc":{"start":{"line":208,"column":42},"end":{"line":213,"column":10}}}},"branchMap":{"0":{"loc":{"start":{"line":71,"column":4},"end":{"line":73,"column":5}},"type":"if","locations":[{"start":{"line":71,"column":4},"end":{"line":73,"column":5}}]},"1":{"loc":{"start":{"line":110,"column":4},"end":{"line":116,"column":5}},"type":"if","locations":[{"start":{"line":110,"column":4},"end":{"line":116,"column":5}}]},"2":{"loc":{"start":{"line":165,"column":6},"end":{"line":167,"column":7}},"type":"if","locations":[{"start":{"line":165,"column":6},"end":{"line":167,"column":7}}]},"3":{"loc":{"start":{"line":173,"column":6},"end":{"line":176,"column":7}},"type":"if","locations":[{"start":{"line":173,"column":6},"end":{"line":176,"column":7}}]},"4":{"loc":{"start":{"line":186,"column":6},"end":{"line":188,"column":7}},"type":"if","locations":[{"start":{"line":186,"column":6},"end":{"line":188,"column":7}}]},"5":{"loc":{"start":{"line":202,"column":6},"end":{"line":204,"column":7}},"type":"if","locations":[{"start":{"line":202,"column":6},"end":{"line":204,"column":7}}]}},"s":{"0":1,"1":1,"2":37,"3":37,"4":37,"5":56,"6":77,"7":56,"8":56,"9":1,"10":56,"11":3,"12":6,"13":3,"14":19,"15":6,"16":8,"17":4,"18":8,"19":4,"20":3,"21":6,"22":3,"23":3,"24":3,"25":4,"26":8,"27":8,"28":8,"29":0,"30":4,"31":2,"32":2,"33":4,"34":2,"35":2,"36":2,"37":15,"38":37,"39":37,"40":33,"41":4,"42":4,"43":3,"44":1,"45":1,"46":2,"47":3,"48":2,"49":0,"50":1,"51":1,"52":66,"53":66,"54":66,"55":1,"56":66,"57":143,"58":66,"59":0,"60":1,"61":1,"62":1},"f":{"0":37,"1":56,"2":77,"3":3,"4":6,"5":19,"6":6,"7":8,"8":4,"9":8,"10":6,"11":4,"12":2,"13":4,"14":2,"15":15,"16":37,"17":3,"18":66,"19":143},"b":{"0":[1],"1":[3],"2":[33],"3":[1],"4":[0],"5":[1]}}
,"C:\\storycore-engine\\electron\\SystemTrayManager.ts": {"path":"C:\\storycore-engine\\electron\\SystemTrayManager.ts","statementMap":{"0":{"start":{"line":1,"column":0},"end":{"line":1,"column":56}},"1":{"start":{"line":14,"column":10},"end":{"line":14,"column":35}},"2":{"start":{"line":15,"column":10},"end":{"line":15,"column":51}},"3":{"start":{"line":25,"column":4},"end":{"line":27,"column":5}},"4":{"start":{"line":26,"column":6},"end":{"line":26,"column":23}},"5":{"start":{"line":30,"column":17},"end":{"line":30,"column":43}},"6":{"start":{"line":31,"column":4},"end":{"line":31,"column":31}},"7":{"start":{"line":33,"column":4},"end":{"line":33,"column":54}},"8":{"start":{"line":36,"column":4},"end":{"line":36,"column":22}},"9":{"start":{"line":39,"column":4},"end":{"line":43,"column":7}},"10":{"start":{"line":40,"column":6},"end":{"line":42,"column":7}},"11":{"start":{"line":41,"column":8},"end":{"line":41,"column":30}},"12":{"start":{"line":45,"column":4},"end":{"line":45,"column":21}},"13":{"start":{"line":53,"column":4},"end":{"line":55,"column":5}},"14":{"start":{"line":54,"column":6},"end":{"line":54,"column":13}},"15":{"start":{"line":57,"column":21},"end":{"line":57,"column":33}},"16":{"start":{"line":60,"column":4},"end":{"line":70,"column":5}},"17":{"start":{"line":61,"column":6},"end":{"line":61,"column":36}},"18":{"start":{"line":64,"column":19},"end":{"line":64,"column":44}},"19":{"start":{"line":65,"column":6},"end":{"line":65,"column":31}},"20":{"start":{"line":68,"column":22},"end":{"line":68,"column":54}},"21":{"start":{"line":69,"column":6},"end":{"line":69,"column":36}},"22":{"start":{"line":73,"column":4},"end":{"line":73,"column":28}},"23":{"start":{"line":81,"column":4},"end":{"line":83,"column":5}},"24":{"start":{"line":82,"column":6},"end":{"line":82,"column":37}},"25":{"start":{"line":91,"column":4},"end":{"line":91,"column":35}},"26":{"start":{"line":99,"column":4},"end":{"line":99,"column":35}},"27":{"start":{"line":107,"column":4},"end":{"line":107,"column":38}},"28":{"start":{"line":114,"column":4},"end":{"line":117,"column":5}},"29":{"start":{"line":115,"column":6},"end":{"line":115,"column":26}},"30":{"start":{"line":116,"column":6},"end":{"line":116,"column":23}},"31":{"start":{"line":124,"column":4},"end":{"line":124,"column":21}},"32":{"start":{"line":135,"column":17},"end":{"line":135,"column":19}},"33":{"start":{"line":136,"column":19},"end":{"line":136,"column":42}},"34":{"start":{"line":137,"column":16},"end":{"line":137,"column":39}},"35":{"start":{"line":139,"column":4},"end":{"line":166,"column":5}},"36":{"start":{"line":141,"column":6},"end":{"line":141,"column":22}},"37":{"start":{"line":142,"column":6},"end":{"line":142,"column":64}},"38":{"start":{"line":144,"column":6},"end":{"line":158,"column":7}},"39":{"start":{"line":146,"column":10},"end":{"line":146,"column":36}},"40":{"start":{"line":147,"column":10},"end":{"line":147,"column":16}},"41":{"start":{"line":149,"column":10},"end":{"line":149,"column":36}},"42":{"start":{"line":150,"column":10},"end":{"line":150,"column":16}},"43":{"start":{"line":152,"column":10},"end":{"line":152,"column":36}},"44":{"start":{"line":153,"column":10},"end":{"line":153,"column":16}},"45":{"start":{"line":156,"column":10},"end":{"line":156,"column":36}},"46":{"start":{"line":157,"column":10},"end":{"line":157,"column":16}},"47":{"start":{"line":160,"column":6},"end":{"line":160,"column":17}},"48":{"start":{"line":163,"column":6},"end":{"line":163,"column":34}},"49":{"start":{"line":164,"column":6},"end":{"line":164,"column":24}},"50":{"start":{"line":165,"column":6},"end":{"line":165,"column":19}},"51":{"start":{"line":169,"column":20},"end":{"line":169,"column":38}},"52":{"start":{"line":170,"column":4},"end":{"line":170,"column":50}},"53":{"start":{"line":184,"column":19},"end":{"line":205,"column":6}},"54":{"start":{"line":188,"column":8},"end":{"line":198,"column":9}},"55":{"start":{"line":189,"column":10},"end":{"line":197,"column":12}},"56":{"start":{"line":199,"column":8},"end":{"line":199,"column":20}},"57":{"start":{"line":203,"column":8},"end":{"line":203,"column":136}},"58":{"start":{"line":207,"column":4},"end":{"line":207,"column":18}},"59":{"start":{"line":216,"column":22},"end":{"line":216,"column":49}},"60":{"start":{"line":218,"column":4},"end":{"line":228,"column":5}},"61":{"start":{"line":220,"column":8},"end":{"line":220,"column":69}},"62":{"start":{"line":222,"column":8},"end":{"line":222,"column":50}},"63":{"start":{"line":224,"column":8},"end":{"line":224,"column":89}},"64":{"start":{"line":227,"column":8},"end":{"line":227,"column":46}},"65":{"start":{"line":236,"column":4},"end":{"line":238,"column":5}},"66":{"start":{"line":237,"column":6},"end":{"line":237,"column":13}},"67":{"start":{"line":240,"column":61},"end":{"line":240,"column":63}},"68":{"start":{"line":243,"column":4},"end":{"line":246,"column":7}},"69":{"start":{"line":248,"column":4},"end":{"line":248,"column":42}},"70":{"start":{"line":251,"column":4},"end":{"line":284,"column":5}},"71":{"start":{"line":252,"column":26},"end":{"line":252,"column":53}},"72":{"start":{"line":253,"column":6},"end":{"line":256,"column":9}},"73":{"start":{"line":259,"column":6},"end":{"line":264,"column":7}},"74":{"start":{"line":260,"column":8},"end":{"line":263,"column":11}},"75":{"start":{"line":267,"column":6},"end":{"line":273,"column":7}},"76":{"start":{"line":268,"column":26},"end":{"line":268,"column":58}},"77":{"start":{"line":269,"column":8},"end":{"line":272,"column":11}},"78":{"start":{"line":276,"column":6},"end":{"line":281,"column":7}},"79":{"start":{"line":277,"column":8},"end":{"line":280,"column":11}},"80":{"start":{"line":283,"column":6},"end":{"line":283,"column":44}},"81":{"start":{"line":287,"column":4},"end":{"line":294,"column":7}},"82":{"start":{"line":290,"column":8},"end":{"line":292,"column":9}},"83":{"start":{"line":291,"column":10},"end":{"line":291,"column":32}},"84":{"start":{"line":297,"column":4},"end":{"line":306,"column":5}},"85":{"start":{"line":298,"column":6},"end":{"line":305,"column":9}},"86":{"start":{"line":301,"column":10},"end":{"line":303,"column":11}},"87":{"start":{"line":302,"column":12},"end":{"line":302,"column":37}},"88":{"start":{"line":308,"column":4},"end":{"line":308,"column":42}},"89":{"start":{"line":311,"column":4},"end":{"line":320,"column":7}},"90":{"start":{"line":314,"column":8},"end":{"line":318,"column":9}},"91":{"start":{"line":315,"column":10},"end":{"line":315,"column":32}},"92":{"start":{"line":317,"column":10},"end":{"line":317,"column":21}},"93":{"start":{"line":322,"column":17},"end":{"line":322,"column":50}},"94":{"start":{"line":323,"column":4},"end":{"line":323,"column":35}},"95":{"start":{"line":332,"column":4},"end":{"line":342,"column":5}},"96":{"start":{"line":334,"column":8},"end":{"line":334,"column":35}},"97":{"start":{"line":336,"column":8},"end":{"line":336,"column":39}},"98":{"start":{"line":338,"column":8},"end":{"line":338,"column":33}},"99":{"start":{"line":341,"column":8},"end":{"line":341,"column":35}},"100":{"start":{"line":351,"column":20},"end":{"line":351,"column":45}},"101":{"start":{"line":352,"column":20},"end":{"line":352,"column":44}},"102":{"start":{"line":353,"column":18},"end":{"line":353,"column":42}},"103":{"start":{"line":355,"column":4},"end":{"line":361,"column":5}},"104":{"start":{"line":356,"column":6},"end":{"line":356,"column":42}},"105":{"start":{"line":357,"column":11},"end":{"line":361,"column":5}},"106":{"start":{"line":358,"column":6},"end":{"line":358,"column":44}},"107":{"start":{"line":360,"column":6},"end":{"line":360,"column":27}},"108":{"start":{"line":13,"column":0},"end":{"line":13,"column":13}}},"fnMap":{"0":{"name":"(anonymous_0)","decl":{"start":{"line":13,"column":0},"end":{"line":13,"column":13}},"loc":{"start":{"line":13,"column":0},"end":{"line":363,"column":1}}},"1":{"name":"(anonymous_1)","decl":{"start":{"line":24,"column":2},"end":{"line":24,"column":8}},"loc":{"start":{"line":24,"column":8},"end":{"line":46,"column":3}}},"2":{"name":"(anonymous_2)","decl":{"start":{"line":39,"column":26},"end":{"line":39,"column":29}},"loc":{"start":{"line":39,"column":31},"end":{"line":43,"column":5}}},"3":{"name":"(anonymous_3)","decl":{"start":{"line":52,"column":2},"end":{"line":52,"column":14}},"loc":{"start":{"line":52,"column":35},"end":{"line":74,"column":3}}},"4":{"name":"(anonymous_4)","decl":{"start":{"line":80,"column":2},"end":{"line":80,"column":9}},"loc":{"start":{"line":80,"column":20},"end":{"line":84,"column":3}}},"5":{"name":"(anonymous_5)","decl":{"start":{"line":90,"column":2},"end":{"line":90,"column":8}},"loc":{"start":{"line":90,"column":29},"end":{"line":92,"column":3}}},"6":{"name":"(anonymous_6)","decl":{"start":{"line":98,"column":2},"end":{"line":98,"column":8}},"loc":{"start":{"line":98,"column":29},"end":{"line":100,"column":3}}},"7":{"name":"(anonymous_7)","decl":{"start":{"line":106,"column":2},"end":{"line":106,"column":11}},"loc":{"start":{"line":106,"column":32},"end":{"line":108,"column":3}}},"8":{"name":"(anonymous_8)","decl":{"start":{"line":113,"column":2},"end":{"line":113,"column":9}},"loc":{"start":{"line":113,"column":9},"end":{"line":118,"column":3}}},"9":{"name":"(anonymous_9)","decl":{"start":{"line":123,"column":2},"end":{"line":123,"column":9}},"loc":{"start":{"line":123,"column":9},"end":{"line":125,"column":3}}},"10":{"name":"(anonymous_10)","decl":{"start":{"line":132,"column":10},"end":{"line":132,"column":20}},"loc":{"start":{"line":132,"column":39},"end":{"line":171,"column":3}}},"11":{"name":"(anonymous_11)","decl":{"start":{"line":178,"column":10},"end":{"line":178,"column":22}},"loc":{"start":{"line":178,"column":35},"end":{"line":208,"column":3}}},"12":{"name":"(anonymous_12)","decl":{"start":{"line":187,"column":18},"end":{"line":187,"column":19}},"loc":{"start":{"line":187,"column":35},"end":{"line":200,"column":7}}},"13":{"name":"(anonymous_13)","decl":{"start":{"line":190,"column":23},"end":{"line":190,"column":26}},"loc":{"start":{"line":190,"column":28},"end":{"line":190,"column":31}}},"14":{"name":"(anonymous_14)","decl":{"start":{"line":191,"column":17},"end":{"line":191,"column":20}},"loc":{"start":{"line":191,"column":22},"end":{"line":191,"column":25}}},"15":{"name":"(anonymous_15)","decl":{"start":{"line":192,"column":18},"end":{"line":192,"column":21}},"loc":{"start":{"line":192,"column":23},"end":{"line":192,"column":26}}},"16":{"name":"(anonymous_16)","decl":{"start":{"line":193,"column":20},"end":{"line":193,"column":23}},"loc":{"start":{"line":193,"column":25},"end":{"line":193,"column":28}}},"17":{"name":"(anonymous_17)","decl":{"start":{"line":201,"column":17},"end":{"line":201,"column":20}},"loc":{"start":{"line":201,"column":22},"end":{"line":204,"column":7}}},"18":{"name":"(anonymous_18)","decl":{"start":{"line":215,"column":10},"end":{"line":215,"column":29}},"loc":{"start":{"line":215,"column":50},"end":{"line":229,"column":3}}},"19":{"name":"(anonymous_19)","decl":{"start":{"line":235,"column":10},"end":{"line":235,"column":20}},"loc":{"start":{"line":235,"column":42},"end":{"line":324,"column":3}}},"20":{"name":"(anonymous_20)","decl":{"start":{"line":289,"column":13},"end":{"line":289,"column":16}},"loc":{"start":{"line":289,"column":18},"end":{"line":293,"column":7}}},"21":{"name":"(anonymous_21)","decl":{"start":{"line":300,"column":15},"end":{"line":300,"column":18}},"loc":{"start":{"line":300,"column":20},"end":{"line":304,"column":9}}},"22":{"name":"(anonymous_22)","decl":{"start":{"line":313,"column":13},"end":{"line":313,"column":16}},"loc":{"start":{"line":313,"column":18},"end":{"line":319,"column":7}}},"23":{"name":"(anonymous_23)","decl":{"start":{"line":331,"column":10},"end":{"line":331,"column":24}},"loc":{"start":{"line":331,"column":45},"end":{"line":343,"column":3}}},"24":{"name":"(anonymous_24)","decl":{"start":{"line":350,"column":10},"end":{"line":350,"column":22}},"loc":{"start":{"line":350,"column":37},"end":{"line":362,"column":3}}}},"branchMap":{"0":{"loc":{"start":{"line":25,"column":4},"end":{"line":27,"column":5}},"type":"if","locations":[{"start":{"line":25,"column":4},"end":{"line":27,"column":5}}]},"1":{"loc":{"start":{"line":40,"column":6},"end":{"line":42,"column":7}},"type":"if","locations":[{"start":{"line":40,"column":6},"end":{"line":42,"column":7}}]},"2":{"loc":{"start":{"line":53,"column":4},"end":{"line":55,"column":5}},"type":"if","locations":[{"start":{"line":53,"column":4},"end":{"line":55,"column":5}}]},"3":{"loc":{"start":{"line":60,"column":4},"end":{"line":70,"column":5}},"type":"if","locations":[{"start":{"line":60,"column":4},"end":{"line":70,"column":5}}]},"4":{"loc":{"start":{"line":81,"column":4},"end":{"line":83,"column":5}},"type":"if","locations":[{"start":{"line":81,"column":4},"end":{"line":83,"column":5}}]},"5":{"loc":{"start":{"line":114,"column":4},"end":{"line":117,"column":5}},"type":"if","locations":[{"start":{"line":114,"column":4},"end":{"line":117,"column":5}}]},"6":{"loc":{"start":{"line":139,"column":4},"end":{"line":166,"column":5}},"type":"if","locations":[{"start":{"line":139,"column":4},"end":{"line":166,"column":5}}]},"7":{"loc":{"start":{"line":144,"column":6},"end":{"line":158,"column":7}},"type":"switch","locations":[{"start":{"line":145,"column":8},"end":{"line":147,"column":16}},{"start":{"line":148,"column":8},"end":{"line":150,"column":16}},{"start":{"line":151,"column":8},"end":{"line":153,"column":16}},{"start":{"line":154,"column":8},"end":{"line":154,"column":23}},{"start":{"line":155,"column":8},"end":{"line":157,"column":16}}]},"8":{"loc":{"start":{"line":188,"column":8},"end":{"line":198,"column":9}},"type":"if","locations":[{"start":{"line":188,"column":8},"end":{"line":198,"column":9}}]},"9":{"loc":{"start":{"line":218,"column":4},"end":{"line":228,"column":5}},"type":"switch","locations":[{"start":{"line":219,"column":6},"end":{"line":220,"column":69}},{"start":{"line":221,"column":6},"end":{"line":222,"column":50}},{"start":{"line":223,"column":6},"end":{"line":224,"column":89}},{"start":{"line":225,"column":6},"end":{"line":225,"column":21}},{"start":{"line":226,"column":6},"end":{"line":227,"column":46}}]},"10":{"loc":{"start":{"line":224,"column":46},"end":{"line":224,"column":86}},"type":"binary-expr","locations":[{"start":{"line":224,"column":46},"end":{"line":224,"column":67}},{"start":{"line":224,"column":71},"end":{"line":224,"column":86}}]},"11":{"loc":{"start":{"line":236,"column":4},"end":{"line":238,"column":5}},"type":"if","locations":[{"start":{"line":236,"column":4},"end":{"line":238,"column":5}}]},"12":{"loc":{"start":{"line":251,"column":4},"end":{"line":284,"column":5}},"type":"if","locations":[{"start":{"line":251,"column":4},"end":{"line":284,"column":5}}]},"13":{"loc":{"start":{"line":259,"column":6},"end":{"line":264,"column":7}},"type":"if","locations":[{"start":{"line":259,"column":6},"end":{"line":264,"column":7}}]},"14":{"loc":{"start":{"line":259,"column":10},"end":{"line":259,"column":51}},"type":"binary-expr","locations":[{"start":{"line":259,"column":10},"end":{"line":259,"column":36}},{"start":{"line":259,"column":40},"end":{"line":259,"column":51}}]},"15":{"loc":{"start":{"line":267,"column":6},"end":{"line":273,"column":7}},"type":"if","locations":[{"start":{"line":267,"column":6},"end":{"line":273,"column":7}}]},"16":{"loc":{"start":{"line":267,"column":10},"end":{"line":267,"column":67}},"type":"binary-expr","locations":[{"start":{"line":267,"column":10},"end":{"line":267,"column":36}},{"start":{"line":267,"column":40},"end":{"line":267,"column":67}}]},"17":{"loc":{"start":{"line":276,"column":6},"end":{"line":281,"column":7}},"type":"if","locations":[{"start":{"line":276,"column":6},"end":{"line":281,"column":7}}]},"18":{"loc":{"start":{"line":276,"column":10},"end":{"line":276,"column":50}},"type":"binary-expr","locations":[{"start":{"line":276,"column":10},"end":{"line":276,"column":34}},{"start":{"line":276,"column":38},"end":{"line":276,"column":50}}]},"19":{"loc":{"start":{"line":290,"column":8},"end":{"line":292,"column":9}},"type":"if","locations":[{"start":{"line":290,"column":8},"end":{"line":292,"column":9}}]},"20":{"loc":{"start":{"line":297,"column":4},"end":{"line":306,"column":5}},"type":"if","locations":[{"start":{"line":297,"column":4},"end":{"line":306,"column":5}}]},"21":{"loc":{"start":{"line":297,"column":8},"end":{"line":297,"column":74}},"type":"binary-expr","locations":[{"start":{"line":297,"column":8},"end":{"line":297,"column":14}},{"start":{"line":297,"column":19},"end":{"line":297,"column":45}},{"start":{"line":297,"column":49},"end":{"line":297,"column":73}}]},"22":{"loc":{"start":{"line":301,"column":10},"end":{"line":303,"column":11}},"type":"if","locations":[{"start":{"line":301,"column":10},"end":{"line":303,"column":11}}]},"23":{"loc":{"start":{"line":314,"column":8},"end":{"line":318,"column":9}},"type":"if","locations":[{"start":{"line":314,"column":8},"end":{"line":318,"column":9}},{"start":{"line":316,"column":15},"end":{"line":318,"column":9}}]},"24":{"loc":{"start":{"line":332,"column":4},"end":{"line":342,"column":5}},"type":"switch","locations":[{"start":{"line":333,"column":6},"end":{"line":334,"column":35}},{"start":{"line":335,"column":6},"end":{"line":336,"column":39}},{"start":{"line":337,"column":6},"end":{"line":338,"column":33}},{"start":{"line":339,"column":6},"end":{"line":339,"column":21}},{"start":{"line":340,"column":6},"end":{"line":341,"column":35}}]},"25":{"loc":{"start":{"line":355,"column":4},"end":{"line":361,"column":5}},"type":"if","locations":[{"start":{"line":355,"column":4},"end":{"line":361,"column":5}},{"start":{"line":357,"column":11},"end":{"line":361,"column":5}}]},"26":{"loc":{"start":{"line":357,"column":11},"end":{"line":361,"column":5}},"type":"if","locations":[{"start":{"line":357,"column":11},"end":{"line":361,"column":5}},{"start":{"line":359,"column":11},"end":{"line":361,"column":5}}]}},"s":{"0":1,"1":39,"2":39,"3":34,"4":1,"5":33,"6":33,"7":33,"8":33,"9":33,"10":1,"11":1,"12":33,"13":27,"14":1,"15":26,"16":26,"17":24,"18":24,"19":24,"20":24,"21":24,"22":26,"23":2,"24":1,"25":1,"26":2,"27":1,"28":39,"29":33,"30":33,"31":4,"32":57,"33":57,"34":57,"35":57,"36":57,"37":57,"38":57,"39":15,"40":15,"41":2,"42":2,"43":4,"44":4,"45":36,"46":36,"47":57,"48":57,"49":57,"50":57,"51":57,"52":57,"53":57,"54":57,"55":57,"56":0,"57":57,"58":57,"59":24,"60":24,"61":15,"62":2,"63":4,"64":3,"65":59,"66":0,"67":59,"68":59,"69":59,"70":59,"71":26,"72":26,"73":26,"74":12,"75":26,"76":5,"77":5,"78":26,"79":4,"80":26,"81":59,"82":1,"83":1,"84":59,"85":21,"86":0,"87":0,"88":59,"89":59,"90":2,"91":1,"92":1,"93":59,"94":59,"95":26,"96":17,"97":2,"98":4,"99":3,"100":5,"101":5,"102":5,"103":5,"104":1,"105":4,"106":2,"107":2,"108":1},"f":{"0":39,"1":34,"2":1,"3":27,"4":2,"5":1,"6":2,"7":1,"8":39,"9":4,"10":57,"11":57,"12":57,"13":57,"14":57,"15":57,"16":57,"17":57,"18":24,"19":59,"20":1,"21":0,"22":2,"23":26,"24":5},"b":{"0":[1],"1":[1],"2":[1],"3":[24],"4":[1],"5":[33],"6":[57],"7":[15,2,4,36,36],"8":[57],"9":[15,2,4,3,3],"10":[4,0],"11":[0],"12":[26],"13":[12],"14":[26,17],"15":[5],"16":[26,17],"17":[4],"18":[26,4],"19":[1],"20":[21],"21":[59,26,9],"22":[0],"23":[1,1],"24":[17,2,4,3,3],"25":[1,4],"26":[2,2]}}
,"C:\\storycore-engine\\electron\\ViteServerManager.ts": {"path":"C:\\storycore-engine\\electron\\ViteServerManager.ts","statementMap":{"0":{"start":{"line":1,"column":0},"end":{"line":1,"column":52}},"1":{"start":{"line":2,"column":0},"end":{"line":2,"column":27}},"2":{"start":{"line":3,"column":0},"end":{"line":3,"column":29}},"3":{"start":{"line":57,"column":10},"end":{"line":57,"column":46}},"4":{"start":{"line":58,"column":10},"end":{"line":58,"column":47}},"5":{"start":{"line":59,"column":10},"end":{"line":59,"column":47}},"6":{"start":{"line":60,"column":10},"end":{"line":60,"column":54}},"7":{"start":{"line":61,"column":10},"end":{"line":61,"column":49}},"8":{"start":{"line":62,"column":10},"end":{"line":62,"column":61}},"9":{"start":{"line":70,"column":4},"end":{"line":72,"column":5}},"10":{"start":{"line":71,"column":6},"end":{"line":71,"column":51}},"11":{"start":{"line":74,"column":4},"end":{"line":76,"column":5}},"12":{"start":{"line":75,"column":6},"end":{"line":75,"column":52}},"13":{"start":{"line":78,"column":4},"end":{"line":78,"column":25}},"14":{"start":{"line":79,"column":4},"end":{"line":79,"column":40}},"15":{"start":{"line":81,"column":4},"end":{"line":130,"column":5}},"16":{"start":{"line":83,"column":19},"end":{"line":83,"column":86}},"17":{"start":{"line":86,"column":6},"end":{"line":86,"column":42}},"18":{"start":{"line":89,"column":6},"end":{"line":89,"column":69}},"19":{"start":{"line":92,"column":6},"end":{"line":97,"column":8}},"20":{"start":{"line":99,"column":6},"end":{"line":105,"column":8}},"21":{"start":{"line":108,"column":6},"end":{"line":108,"column":58}},"22":{"start":{"line":108,"column":46},"end":{"line":108,"column":56}},"23":{"start":{"line":109,"column":6},"end":{"line":109,"column":31}},"24":{"start":{"line":111,"column":6},"end":{"line":111,"column":29}},"25":{"start":{"line":113,"column":39},"end":{"line":118,"column":8}},"26":{"start":{"line":120,"column":6},"end":{"line":123,"column":8}},"27":{"start":{"line":126,"column":23},"end":{"line":126,"column":80}},"28":{"start":{"line":127,"column":6},"end":{"line":127,"column":66}},"29":{"start":{"line":127,"column":46},"end":{"line":127,"column":64}},"30":{"start":{"line":129,"column":6},"end":{"line":129,"column":18}},"31":{"start":{"line":137,"column":4},"end":{"line":139,"column":5}},"32":{"start":{"line":138,"column":6},"end":{"line":138,"column":13}},"33":{"start":{"line":141,"column":4},"end":{"line":144,"column":5}},"34":{"start":{"line":142,"column":6},"end":{"line":142,"column":41}},"35":{"start":{"line":143,"column":6},"end":{"line":143,"column":13}},"36":{"start":{"line":146,"column":4},"end":{"line":165,"column":7}},"37":{"start":{"line":147,"column":22},"end":{"line":153,"column":14}},"38":{"start":{"line":149,"column":8},"end":{"line":151,"column":9}},"39":{"start":{"line":150,"column":10},"end":{"line":150,"column":39}},"40":{"start":{"line":152,"column":8},"end":{"line":152,"column":53}},"41":{"start":{"line":155,"column":6},"end":{"line":161,"column":9}},"42":{"start":{"line":156,"column":8},"end":{"line":156,"column":30}},"43":{"start":{"line":157,"column":8},"end":{"line":157,"column":28}},"44":{"start":{"line":158,"column":8},"end":{"line":158,"column":31}},"45":{"start":{"line":159,"column":8},"end":{"line":159,"column":43}},"46":{"start":{"line":160,"column":8},"end":{"line":160,"column":18}},"47":{"start":{"line":164,"column":6},"end":{"line":164,"column":36}},"48":{"start":{"line":172,"column":4},"end":{"line":172,"column":22}},"49":{"start":{"line":173,"column":4},"end":{"line":175,"column":5}},"50":{"start":{"line":174,"column":6},"end":{"line":174,"column":68}},"51":{"start":{"line":176,"column":4},"end":{"line":176,"column":35}},"52":{"start":{"line":183,"column":4},"end":{"line":189,"column":5}},"53":{"start":{"line":184,"column":21},"end":{"line":184,"column":69}},"54":{"start":{"line":185,"column":6},"end":{"line":188,"column":8}},"55":{"start":{"line":190,"column":4},"end":{"line":190,"column":23}},"56":{"start":{"line":197,"column":4},"end":{"line":201,"column":5}},"57":{"start":{"line":198,"column":6},"end":{"line":198,"column":17}},"58":{"start":{"line":200,"column":6},"end":{"line":200,"column":41}},"59":{"start":{"line":208,"column":4},"end":{"line":208,"column":39}},"60":{"start":{"line":215,"column":4},"end":{"line":228,"column":7}},"61":{"start":{"line":216,"column":21},"end":{"line":216,"column":39}},"62":{"start":{"line":218,"column":6},"end":{"line":220,"column":9}},"63":{"start":{"line":219,"column":8},"end":{"line":219,"column":23}},"64":{"start":{"line":222,"column":6},"end":{"line":225,"column":9}},"65":{"start":{"line":223,"column":8},"end":{"line":223,"column":23}},"66":{"start":{"line":224,"column":8},"end":{"line":224,"column":22}},"67":{"start":{"line":227,"column":6},"end":{"line":227,"column":26}},"68":{"start":{"line":236,"column":4},"end":{"line":238,"column":5}},"69":{"start":{"line":237,"column":6},"end":{"line":237,"column":25}},"70":{"start":{"line":241,"column":4},"end":{"line":245,"column":5}},"71":{"start":{"line":242,"column":6},"end":{"line":244,"column":7}},"72":{"start":{"line":243,"column":8},"end":{"line":243,"column":20}},"73":{"start":{"line":247,"column":4},"end":{"line":249,"column":6}},"74":{"start":{"line":256,"column":4},"end":{"line":316,"column":7}},"75":{"start":{"line":257,"column":21},"end":{"line":257,"column":69}},"76":{"start":{"line":260,"column":25},"end":{"line":260,"column":73}},"77":{"start":{"line":263,"column":6},"end":{"line":270,"column":9}},"78":{"start":{"line":272,"column":6},"end":{"line":275,"column":7}},"79":{"start":{"line":273,"column":8},"end":{"line":273,"column":65}},"80":{"start":{"line":274,"column":8},"end":{"line":274,"column":15}},"81":{"start":{"line":278,"column":6},"end":{"line":281,"column":9}},"82":{"start":{"line":279,"column":23},"end":{"line":279,"column":38}},"83":{"start":{"line":280,"column":8},"end":{"line":280,"column":38}},"84":{"start":{"line":283,"column":6},"end":{"line":286,"column":9}},"85":{"start":{"line":284,"column":23},"end":{"line":284,"column":38}},"86":{"start":{"line":285,"column":8},"end":{"line":285,"column":46}},"87":{"start":{"line":289,"column":6},"end":{"line":306,"column":9}},"88":{"start":{"line":290,"column":8},"end":{"line":290,"column":81}},"89":{"start":{"line":291,"column":8},"end":{"line":304,"column":9}},"90":{"start":{"line":292,"column":10},"end":{"line":292,"column":83}},"91":{"start":{"line":293,"column":15},"end":{"line":304,"column":9}},"92":{"start":{"line":295,"column":37},"end":{"line":299,"column":12}},"93":{"start":{"line":300,"column":10},"end":{"line":300,"column":50}},"94":{"start":{"line":301,"column":10},"end":{"line":303,"column":12}},"95":{"start":{"line":302,"column":12},"end":{"line":302,"column":46}},"96":{"start":{"line":305,"column":8},"end":{"line":305,"column":28}},"97":{"start":{"line":309,"column":6},"end":{"line":312,"column":9}},"98":{"start":{"line":310,"column":8},"end":{"line":310,"column":61}},"99":{"start":{"line":311,"column":8},"end":{"line":311,"column":22}},"100":{"start":{"line":315,"column":6},"end":{"line":315,"column":16}},"101":{"start":{"line":323,"column":22},"end":{"line":323,"column":32}},"102":{"start":{"line":324,"column":25},"end":{"line":324,"column":28}},"103":{"start":{"line":326,"column":4},"end":{"line":339,"column":5}},"104":{"start":{"line":327,"column":6},"end":{"line":335,"column":7}},"105":{"start":{"line":329,"column":24},"end":{"line":329,"column":57}},"106":{"start":{"line":330,"column":8},"end":{"line":332,"column":9}},"107":{"start":{"line":331,"column":10},"end":{"line":331,"column":17}},"108":{"start":{"line":338,"column":6},"end":{"line":338,"column":70}},"109":{"start":{"line":338,"column":35},"end":{"line":338,"column":68}},"110":{"start":{"line":341,"column":4},"end":{"line":341,"column":66}},"111":{"start":{"line":348,"column":4},"end":{"line":369,"column":7}},"112":{"start":{"line":349,"column":21},"end":{"line":349,"column":37}},"113":{"start":{"line":351,"column":6},"end":{"line":351,"column":30}},"114":{"start":{"line":353,"column":6},"end":{"line":356,"column":9}},"115":{"start":{"line":354,"column":8},"end":{"line":354,"column":25}},"116":{"start":{"line":355,"column":8},"end":{"line":355,"column":22}},"117":{"start":{"line":358,"column":6},"end":{"line":361,"column":9}},"118":{"start":{"line":359,"column":8},"end":{"line":359,"column":25}},"119":{"start":{"line":360,"column":8},"end":{"line":360,"column":23}},"120":{"start":{"line":363,"column":6},"end":{"line":366,"column":9}},"121":{"start":{"line":364,"column":8},"end":{"line":364,"column":25}},"122":{"start":{"line":365,"column":8},"end":{"line":365,"column":23}},"123":{"start":{"line":368,"column":6},"end":{"line":368,"column":40}},"124":{"start":{"line":56,"column":0},"end":{"line":56,"column":13}}},"fnMap":{"0":{"name":"(anonymous_9)","decl":{"start":{"line":56,"column":0},"end":{"line":56,"column":13}},"loc":{"start":{"line":56,"column":0},"end":{"line":371,"column":1}}},"1":{"name":"(anonymous_10)","decl":{"start":{"line":69,"column":2},"end":{"line":69,"column":7}},"loc":{"start":{"line":69,"column":36},"end":{"line":131,"column":3}}},"2":{"name":"(anonymous_11)","decl":{"start":{"line":108,"column":34},"end":{"line":108,"column":42}},"loc":{"start":{"line":108,"column":46},"end":{"line":108,"column":56}}},"3":{"name":"(anonymous_12)","decl":{"start":{"line":127,"column":34},"end":{"line":127,"column":42}},"loc":{"start":{"line":127,"column":46},"end":{"line":127,"column":64}}},"4":{"name":"(anonymous_13)","decl":{"start":{"line":136,"column":2},"end":{"line":136,"column":7}},"loc":{"start":{"line":136,"column":12},"end":{"line":166,"column":3}}},"5":{"name":"(anonymous_14)","decl":{"start":{"line":146,"column":29},"end":{"line":146,"column":30}},"loc":{"start":{"line":146,"column":49},"end":{"line":165,"column":5}}},"6":{"name":"(anonymous_15)","decl":{"start":{"line":147,"column":33},"end":{"line":147,"column":36}},"loc":{"start":{"line":147,"column":38},"end":{"line":153,"column":7}}},"7":{"name":"(anonymous_16)","decl":{"start":{"line":155,"column":33},"end":{"line":155,"column":36}},"loc":{"start":{"line":155,"column":38},"end":{"line":161,"column":7}}},"8":{"name":"(anonymous_17)","decl":{"start":{"line":171,"column":2},"end":{"line":171,"column":7}},"loc":{"start":{"line":171,"column":15},"end":{"line":177,"column":3}}},"9":{"name":"(anonymous_18)","decl":{"start":{"line":182,"column":2},"end":{"line":182,"column":11}},"loc":{"start":{"line":182,"column":11},"end":{"line":191,"column":3}}},"10":{"name":"(anonymous_19)","decl":{"start":{"line":196,"column":2},"end":{"line":196,"column":9}},"loc":{"start":{"line":196,"column":30},"end":{"line":202,"column":3}}},"11":{"name":"(anonymous_20)","decl":{"start":{"line":207,"column":2},"end":{"line":207,"column":9}},"loc":{"start":{"line":207,"column":42},"end":{"line":209,"column":3}}},"12":{"name":"(anonymous_21)","decl":{"start":{"line":214,"column":10},"end":{"line":214,"column":15}},"loc":{"start":{"line":214,"column":44},"end":{"line":229,"column":3}}},"13":{"name":"(anonymous_22)","decl":{"start":{"line":215,"column":32},"end":{"line":215,"column":33}},"loc":{"start":{"line":215,"column":44},"end":{"line":228,"column":5}}},"14":{"name":"(anonymous_23)","decl":{"start":{"line":218,"column":27},"end":{"line":218,"column":30}},"loc":{"start":{"line":218,"column":32},"end":{"line":220,"column":7}}},"15":{"name":"(anonymous_24)","decl":{"start":{"line":222,"column":31},"end":{"line":222,"column":34}},"loc":{"start":{"line":222,"column":36},"end":{"line":225,"column":7}}},"16":{"name":"(anonymous_25)","decl":{"start":{"line":234,"column":10},"end":{"line":234,"column":15}},"loc":{"start":{"line":234,"column":78},"end":{"line":250,"column":3}}},"17":{"name":"(anonymous_26)","decl":{"start":{"line":255,"column":10},"end":{"line":255,"column":15}},"loc":{"start":{"line":255,"column":47},"end":{"line":317,"column":3}}},"18":{"name":"(anonymous_27)","decl":{"start":{"line":256,"column":29},"end":{"line":256,"column":30}},"loc":{"start":{"line":256,"column":49},"end":{"line":316,"column":5}}},"19":{"name":"(anonymous_28)","decl":{"start":{"line":278,"column":38},"end":{"line":278,"column":39}},"loc":{"start":{"line":278,"column":55},"end":{"line":281,"column":7}}},"20":{"name":"(anonymous_29)","decl":{"start":{"line":283,"column":38},"end":{"line":283,"column":39}},"loc":{"start":{"line":283,"column":55},"end":{"line":286,"column":7}}},"21":{"name":"(anonymous_30)","decl":{"start":{"line":289,"column":30},"end":{"line":289,"column":31}},"loc":{"start":{"line":289,"column":47},"end":{"line":306,"column":7}}},"22":{"name":"(anonymous_31)","decl":{"start":{"line":301,"column":38},"end":{"line":301,"column":46}},"loc":{"start":{"line":302,"column":12},"end":{"line":302,"column":46}}},"23":{"name":"(anonymous_32)","decl":{"start":{"line":309,"column":31},"end":{"line":309,"column":32}},"loc":{"start":{"line":309,"column":41},"end":{"line":312,"column":7}}},"24":{"name":"(anonymous_33)","decl":{"start":{"line":322,"column":10},"end":{"line":322,"column":15}},"loc":{"start":{"line":322,"column":64},"end":{"line":342,"column":3}}},"25":{"name":"(anonymous_34)","decl":{"start":{"line":338,"column":24},"end":{"line":338,"column":31}},"loc":{"start":{"line":338,"column":35},"end":{"line":338,"column":68}}},"26":{"name":"(anonymous_35)","decl":{"start":{"line":347,"column":10},"end":{"line":347,"column":15}},"loc":{"start":{"line":347,"column":45},"end":{"line":370,"column":3}}},"27":{"name":"(anonymous_36)","decl":{"start":{"line":348,"column":32},"end":{"line":348,"column":33}},"loc":{"start":{"line":348,"column":44},"end":{"line":369,"column":5}}},"28":{"name":"(anonymous_37)","decl":{"start":{"line":353,"column":29},"end":{"line":353,"column":32}},"loc":{"start":{"line":353,"column":34},"end":{"line":356,"column":7}}},"29":{"name":"(anonymous_38)","decl":{"start":{"line":358,"column":27},"end":{"line":358,"column":30}},"loc":{"start":{"line":358,"column":32},"end":{"line":361,"column":7}}},"30":{"name":"(anonymous_39)","decl":{"start":{"line":363,"column":29},"end":{"line":363,"column":32}},"loc":{"start":{"line":363,"column":34},"end":{"line":366,"column":7}}}},"branchMap":{"0":{"loc":{"start":{"line":70,"column":4},"end":{"line":72,"column":5}},"type":"if","locations":[{"start":{"line":70,"column":4},"end":{"line":72,"column":5}}]},"1":{"loc":{"start":{"line":74,"column":4},"end":{"line":76,"column":5}},"type":"if","locations":[{"start":{"line":74,"column":4},"end":{"line":76,"column":5}}]},"2":{"loc":{"start":{"line":114,"column":14},"end":{"line":114,"column":89}},"type":"cond-expr","locations":[{"start":{"line":114,"column":59},"end":{"line":114,"column":77}},{"start":{"line":114,"column":80},"end":{"line":114,"column":89}}]},"3":{"loc":{"start":{"line":114,"column":14},"end":{"line":114,"column":55}},"type":"binary-expr","locations":[{"start":{"line":114,"column":14},"end":{"line":114,"column":36}},{"start":{"line":114,"column":40},"end":{"line":114,"column":55}}]},"4":{"loc":{"start":{"line":115,"column":17},"end":{"line":115,"column":71}},"type":"cond-expr","locations":[{"start":{"line":115,"column":42},"end":{"line":115,"column":55}},{"start":{"line":115,"column":58},"end":{"line":115,"column":71}}]},"5":{"loc":{"start":{"line":116,"column":17},"end":{"line":116,"column":65}},"type":"cond-expr","locations":[{"start":{"line":116,"column":42},"end":{"line":116,"column":53}},{"start":{"line":116,"column":56},"end":{"line":116,"column":65}}]},"6":{"loc":{"start":{"line":126,"column":23},"end":{"line":126,"column":80}},"type":"cond-expr","locations":[{"start":{"line":126,"column":48},"end":{"line":126,"column":53}},{"start":{"line":126,"column":56},"end":{"line":126,"column":80}}]},"7":{"loc":{"start":{"line":137,"column":4},"end":{"line":139,"column":5}},"type":"if","locations":[{"start":{"line":137,"column":4},"end":{"line":139,"column":5}}]},"8":{"loc":{"start":{"line":141,"column":4},"end":{"line":144,"column":5}},"type":"if","locations":[{"start":{"line":141,"column":4},"end":{"line":144,"column":5}}]},"9":{"loc":{"start":{"line":149,"column":8},"end":{"line":151,"column":9}},"type":"if","locations":[{"start":{"line":149,"column":8},"end":{"line":151,"column":9}}]},"10":{"loc":{"start":{"line":173,"column":4},"end":{"line":175,"column":5}},"type":"if","locations":[{"start":{"line":173,"column":4},"end":{"line":175,"column":5}}]},"11":{"loc":{"start":{"line":183,"column":4},"end":{"line":189,"column":5}},"type":"if","locations":[{"start":{"line":183,"column":4},"end":{"line":189,"column":5}}]},"12":{"loc":{"start":{"line":183,"column":8},"end":{"line":183,"column":58}},"type":"binary-expr","locations":[{"start":{"line":183,"column":8},"end":{"line":183,"column":39}},{"start":{"line":183,"column":43},"end":{"line":183,"column":58}}]},"13":{"loc":{"start":{"line":197,"column":4},"end":{"line":201,"column":5}},"type":"if","locations":[{"start":{"line":197,"column":4},"end":{"line":201,"column":5}},{"start":{"line":199,"column":11},"end":{"line":201,"column":5}}]},"14":{"loc":{"start":{"line":236,"column":4},"end":{"line":238,"column":5}},"type":"if","locations":[{"start":{"line":236,"column":4},"end":{"line":238,"column":5}}]},"15":{"loc":{"start":{"line":242,"column":6},"end":{"line":244,"column":7}},"type":"if",
[...]
}},"loc":{"start":{"line":274,"column":36},"end":{"line":277,"column":3}}},"15":{"name":"(anonymous_24)","decl":{"start":{"line":279,"column":2},"end":{"line":279,"column":16}},"loc":{"start":{"line":279,"column":16},"end":{"line":290,"column":3}}},"16":{"name":"(anonymous_25)","decl":{"start":{"line":292,"column":2},"end":{"line":292,"column":16}},"loc":{"start":{"line":292,"column":16},"end":{"line":313,"column":3}}},"17":{"name":"(anonymous_26)","decl":{"start":{"line":338,"column":2},"end":{"line":338,"column":null}},"loc":{"start":{"line":338,"column":2},"end":{"line":345,"column":3}}},"18":{"name":"(anonymous_27)","decl":{"start":{"line":352,"column":2},"end":{"line":352,"column":5}},"loc":{"start":{"line":352,"column":65},"end":{"line":376,"column":3}}},"19":{"name":"(anonymous_28)","decl":{"start":{"line":381,"column":2},"end":{"line":381,"column":9}},"loc":{"start":{"line":381,"column":9},"end":{"line":383,"column":3}}},"20":{"name":"(anonymous_29)","decl":{"start":{"line":388,"column":2},"end":{"line":388,"column":19}},"loc":{"start":{"line":388,"column":43},"end":{"line":390,"column":3}}},"21":{"name":"(anonymous_30)","decl":{"start":{"line":389,"column":28},"end":{"line":389,"column":31}},"loc":{"start":{"line":389,"column":35},"end":{"line":389,"column":60}}},"22":{"name":"(anonymous_31)","decl":{"start":{"line":395,"column":2},"end":{"line":395,"column":7}},"loc":{"start":{"line":395,"column":7},"end":{"line":398,"column":3}}},"23":{"name":"(anonymous_32)","decl":{"start":{"line":403,"column":2},"end":{"line":403,"column":8}},"loc":{"start":{"line":403,"column":8},"end":{"line":405,"column":3}}},"24":{"name":"(anonymous_33)","decl":{"start":{"line":410,"column":2},"end":{"line":410,"column":16}},"loc":{"start":{"line":410,"column":16},"end":{"line":430,"column":3}}},"25":{"name":"(anonymous_34)","decl":{"start":{"line":435,"column":10},"end":{"line":435,"column":18}},"loc":{"start":{"line":435,"column":18},"end":{"line":453,"column":3}}},"26":{"name":"(anonymous_35)","decl":{"start":{"line":443,"column":33},"end":{"line":443,"column":36}},"loc":{"start":{"line":443,"column":41},"end":{"line":446,"column":12}}},"27":{"name":"(anonymous_36)","decl":{"start":{"line":458,"column":10},"end":{"line":458,"column":18}},"loc":{"start":{"line":458,"column":18},"end":{"line":470,"column":3}}},"28":{"name":"(anonymous_37)","decl":{"start":{"line":475,"column":10},"end":{"line":475,"column":25}},"loc":{"start":{"line":475,"column":25},"end":{"line":488,"column":3}}}},"branchMap":{"0":{"loc":{"start":{"line":49,"column":12},"end":{"line":49,"column":null}},"type":"binary-expr","locations":[{"start":{"line":49,"column":12},"end":{"line":49,"column":27}},{"start":{"line":49,"column":27},"end":{"line":49,"column":null}}]},"1":{"loc":{"start":{"line":66,"column":4},"end":{"line":77,"column":5}},"type":"switch","locations":[{"start":{"line":67,"column":6},"end":{"line":68,"column":63}},{"start":{"line":69,"column":6},"end":{"line":70,"column":57}},{"start":{"line":71,"column":6},"end":{"line":72,"column":50}},{"start":{"line":73,"column":6},"end":{"line":74,"column":65}},{"start":{"line":75,"column":6},"end":{"line":76,"column":51}}]},"2":{"loc":{"start":{"line":81,"column":4},"end":{"line":108,"column":5}},"type":"switch","locations":[{"start":{"line":82,"column":6},"end":{"line":87,"column":10}},{"start":{"line":88,"column":6},"end":{"line":93,"column":10}},{"start":{"line":94,"column":6},"end":{"line":99,"column":10}},{"start":{"line":100,"column":6},"end":{"line":105,"column":10}},{"start":{"line":106,"column":6},"end":{"line":107,"column":67}}]},"3":{"loc":{"start":{"line":115,"column":12},"end":{"line":115,"column":null}},"type":"binary-expr","locations":[{"start":{"line":115,"column":12},"end":{"line":115,"column":28}},{"start":{"line":115,"column":28},"end":{"line":115,"column":null}}]},"4":{"loc":{"start":{"line":141,"column":4},"end":{"line":154,"column":5}},"type":"switch","locations":[{"start":{"line":142,"column":6},"end":{"line":143,"column":74}},{"start":{"line":144,"column":6},"end":{"line":145,"column":53}},{"start":{"line":146,"column":6},"end":{"line":147,"column":62}},{"start":{"line":148,"column":6},"end":{"line":149,"column":68}},{"start":{"line":150,"column":6},"end":{"line":151,"column":81}},{"start":{"line":152,"column":6},"end":{"line":153,"column":62}}]},"5":{"loc":{"start":{"line":158,"column":4},"end":{"line":191,"column":5}},"type":"switch","locations":[{"start":{"line":159,"column":6},"end":{"line":164,"column":10}},{"start":{"line":165,"column":6},"end":{"line":170,"column":10}},{"start":{"line":171,"column":6},"end":{"line":176,"column":10}},{"start":{"line":177,"column":6},"end":{"line":182,"column":10}},{"start":{"line":183,"column":6},"end":{"line":188,"column":10}},{"start":{"line":189,"column":6},"end":{"line":190,"column":72}}]},"6":{"loc":{"start":{"line":198,"column":12},"end":{"line":198,"column":null}},"type":"binary-expr","locations":[{"start":{"line":198,"column":12},"end":{"line":198,"column":31}},{"start":{"line":198,"column":31},"end":{"line":198,"column":null}}]},"7":{"loc":{"start":{"line":215,"column":4},"end":{"line":226,"column":5}},"type":"switch","locations":[{"start":{"line":216,"column":6},"end":{"line":217,"column":53}},{"start":{"line":218,"column":6},"end":{"line":219,"column":42}},{"start":{"line":220,"column":6},"end":{"line":221,"column":55}},{"start":{"line":222,"column":6},"end":{"line":223,"column":39}},{"start":{"line":224,"column":6},"end":{"line":225,"column":47}}]},"8":{"loc":{"start":{"line":230,"column":4},"end":{"line":257,"column":5}},"type":"switch","locations":[{"start":{"line":231,"column":6},"end":{"line":236,"column":10}},{"start":{"line":237,"column":6},"end":{"line":242,"column":10}},{"start":{"line":243,"column":6},"end":{"line":248,"column":10}},{"start":{"line":249,"column":6},"end":{"line":254,"column":10}},{"start":{"line":255,"column":6},"end":{"line":256,"column":60}}]},"9":{"loc":{"start":{"line":264,"column":12},"end":{"line":264,"column":null}},"type":"binary-expr","locations":[{"start":{"line":264,"column":12},"end":{"line":264,"column":28}},{"start":{"line":264,"column":28},"end":{"line":264,"column":null}}]},"10":{"loc":{"start":{"line":280,"column":4},"end":{"line":289,"column":5}},"type":"switch","locations":[{"start":{"line":281,"column":6},"end":{"line":282,"column":41}},{"start":{"line":283,"column":6},"end":{"line":284,"column":52}},{"start":{"line":285,"column":6},"end":{"line":286,"column":57}},{"start":{"line":287,"column":6},"end":{"line":288,"column":43}}]},"11":{"loc":{"start":{"line":293,"column":4},"end":{"line":312,"column":5}},"type":"switch","locations":[{"start":{"line":294,"column":6},"end":{"line":299,"column":10}},{"start":{"line":300,"column":6},"end":{"line":304,"column":10}},{"start":{"line":305,"column":6},"end":{"line":309,"column":10}},{"start":{"line":310,"column":6},"end":{"line":311,"column":71}}]},"12":{"loc":{"start":{"line":355,"column":16},"end":{"line":355,"column":74}},"type":"cond-expr","locations":[{"start":{"line":355,"column":49},"end":{"line":355,"column":63}},{"start":{"line":355,"column":66},"end":{"line":355,"column":74}}]},"13":{"loc":{"start":{"line":356,"column":12},"end":{"line":356,"column":76}},"type":"cond-expr","locations":[{"start":{"line":356,"column":46},"end":{"line":356,"column":64}},{"start":{"line":356,"column":67},"end":{"line":356,"column":76}}]},"14":{"loc":{"start":{"line":358,"column":19},"end":{"line":358,"column":90}},"type":"cond-expr","locations":[{"start":{"line":358,"column":52},"end":{"line":358,"column":74}},{"start":{"line":358,"column":77},"end":{"line":358,"column":90}}]},"15":{"loc":{"start":{"line":359,"column":19},"end":{"line":359,"column":79}},"type":"cond-expr","locations":[{"start":{"line":359,"column":52},"end":{"line":359,"column":74}},{"start":{"line":359,"column":77},"end":{"line":359,"column":79}}]},"16":{"loc":{"start":{"line":367,"column":4},"end":{"line":369,"column":5}},"type":"if","locations":[{"start":{"line":367,"column":4},"end":{"line":369,"column":5}}]},"17":{"loc":{"start":{"line":437,"column":6},"end":{"line":448,"column":7}},"type":"if","locations":[{"start":{"line":437,"column":6},"end":{"line":448,"column":7}}]},"18":{"loc":{"start":{"line":441,"column":8},"end":{"line":447,"column":9}},"type":"if","locations":[{"start":{"line":441,"column":8},"end":{"line":447,"column":9}}]},"19":{"loc":{"start":{"line":462,"column":6},"end":{"line":464,"column":7}},"type":"if","locations":[{"start":{"line":462,"column":6},"end":{"line":464,"column":7}}]},"20":{"loc":{"start":{"line":478,"column":4},"end":{"line":487,"column":5}},"type":"switch","locations":[{"start":{"line":479,"column":6},"end":{"line":480,"column":104}},{"start":{"line":481,"column":6},"end":{"line":482,"column":82}},{"start":{"line":483,"column":6},"end":{"line":484,"column":101}},{"start":{"line":485,"column":6},"end":{"line":486,"column":68}}]},"21":{"loc":{"start":{"line":480,"column":25},"end":{"line":480,"column":93}},"type":"binary-expr","locations":[{"start":{"line":480,"column":25},"end":{"line":480,"column":44}},{"start":{"line":480,"column":48},"end":{"line":480,"column":93}}]},"22":{"loc":{"start":{"line":484,"column":25},"end":{"line":484,"column":90}},"type":"binary-expr","locations":[{"start":{"line":484,"column":25},"end":{"line":484,"column":52}},{"start":{"line":484,"column":56},"end":{"line":484,"column":90}}]}},"s":{"0":1,"1":1,"2":1,"3":176,"4":176,"5":176,"6":176,"7":176,"8":1,"9":1,"10":1,"11":1,"12":1,"13":1,"14":163,"15":163,"16":163,"17":161,"18":158,"19":1,"20":1,"21":1,"22":0,"23":158,"24":158,"25":0,"26":0,"27":0,"28":0,"29":1,"30":1,"31":1,"32":1,"33":1,"34":1,"35":1,"36":5,"37":5,"38":5,"39":5,"40":3,"41":2,"42":0,"43":0,"44":1,"45":0,"46":0,"47":2,"48":2,"49":0,"50":0,"51":0,"52":0,"53":0,"54":1,"55":1,"56":1,"57":1,"58":1,"59":1,"60":5,"61":5,"62":5,"63":3,"64":1,"65":1,"66":0,"67":1,"68":0,"69":2,"70":1,"71":1,"72":0,"73":0,"74":0,"75":1,"76":1,"77":1,"78":1,"79":1,"80":3,"81":3,"82":3,"83":1,"84":1,"85":0,"86":0,"87":0,"88":1,"89":1,"90":0,"91":0,"92":0,"93":1,"94":10,"95":10,"96":10,"97":10,"98":10,"99":160,"100":160,"101":160,"102":50,"103":160,"104":160,"105":7,"106":2,"107":6,"108":10,"109":10,"110":1,"111":1,"112":1,"113":1,"114":1,"115":10,"116":10,"117":10,"118":10,"119":10,"120":10,"121":110,"122":0,"123":0,"124":170,"125":170,"126":170,"127":0,"128":170,"129":0,"130":10,"131":10,"132":10,"133":0,"134":0,"135":0,"136":1,"137":1},"f":{"0":176,"1":1,"2":163,"3":161,"4":158,"5":1,"6":5,"7":3,"8":2,"9":1,"10":5,"11":3,"12":2,"13":1,"14":3,"15":1,"16":1,"17":10,"18":160,"19":7,"20":2,"21":6,"22":10,"23":1,"24":1,"25":10,"26":110,"27":170,"28":10},"b":{"0":[1,1],"1":[158,1,1,1,0],"2":[158,0,0,0,0],"3":[1,1],"4":[2,0,0,1,0,0],"5":[2,0,0,0,0,0],"6":[1,1],"7":[1,1,0,1,0],"8":[1,1,0,0,0],"9":[1,1],"10":[1,0,0,0],"11":[1,0,0,0],"12":[159,1],"13":[159,1],"14":[159,1],"15":[159,1],"16":[50],"17":[10],"18":[10],"19":[0],"20":[10,0,0,0],"21":[10,0],"22":[0,0]}}
,"C:\\storycore-engine\\electron\\preload.ts": {"path":"C:\\storycore-engine\\electron\\preload.ts","statementMap":{"0":{"start":{"line":1,"column":0},"end":{"line":1,"column":54}},"1":{"start":{"line":8,"column":33},"end":{"line":101,"column":2}},"2":{"start":{"line":20,"column":21},"end":{"line":20,"column":69}},"3":{"start":{"line":21,"column":6},"end":{"line":23,"column":7}},"4":{"start":{"line":22,"column":8},"end":{"line":22,"column":68}},"5":{"start":{"line":24,"column":6},"end":{"line":24,"column":28}},"6":{"start":{"line":27,"column":21},"end":{"line":27,"column":67}},"7":{"start":{"line":28,"column":6},"end":{"line":30,"column":7}},"8":{"start":{"line":29,"column":8},"end":{"line":29,"column":66}},"9":{"start":{"line":31,"column":6},"end":{"line":31,"column":28}},"10":{"start":{"line":34,"column":21},"end":{"line":34,"column":71}},"11":{"start":{"line":35,"column":6},"end":{"line":37,"column":7}},"12":{"start":{"line":36,"column":8},"end":{"line":36,"column":70}},"13":{"start":{"line":38,"column":6},"end":{"line":38,"column":31}},"14":{"start":{"line":41,"column":21},"end":{"line":41,"column":73}},"15":{"start":{"line":42,"column":6},"end":{"line":44,"column":7}},"16":{"start":{"line":43,"column":8},"end":{"line":43,"column":70}},"17":{"start":{"line":45,"column":6},"end":{"line":45,"column":25}},"18":{"start":{"line":52,"column":21},"end":{"line":52,"column":68}},"19":{"start":{"line":53,"column":6},"end":{"line":55,"column":7}},"20":{"start":{"line":54,"column":8},"end":{"line":54,"column":73}},"21":{"start":{"line":56,"column":6},"end":{"line":56,"column":29}},"22":{"start":{"line":59,"column":21},"end":{"line":59,"column":77}},"23":{"start":{"line":60,"column":6},"end":{"line":62,"column":7}},"24":{"start":{"line":61,"column":8},"end":{"line":61,"column":72}},"25":{"start":{"line":65,"column":21},"end":{"line":65,"column":77}},"26":{"start":{"line":66,"column":6},"end":{"line":68,"column":7}},"27":{"start":{"line":67,"column":8},"end":{"line":67,"column":75}},"28":{"start":{"line":75,"column":21},"end":{"line":75,"column":62}},"29":{"start":{"line":76,"column":6},"end":{"line":78,"column":7}},"30":{"start":{"line":77,"column":8},"end":{"line":77,"column":71}},"31":{"start":{"line":79,"column":6},"end":{"line":79,"column":27}},"32":{"start":{"line":82,"column":21},"end":{"line":82,"column":63}},"33":{"start":{"line":83,"column":6},"end":{"line":85,"column":7}},"34":{"start":{"line":84,"column":8},"end":{"line":84,"column":68}},"35":{"start":{"line":92,"column":6},"end":{"line":92,"column":35}},"36":{"start":{"line":95,"column":6},"end":{"line":95,"column":39}},"37":{"start":{"line":98,"column":6},"end":{"line":98,"column":44}},"38":{"start":{"line":104,"column":0},"end":{"line":104,"column":60}}},"fnMap":{"0":{"name":"(anonymous_0)","decl":{"start":{"line":19,"column":12},"end":{"line":19,"column":17}},"loc":{"start":{"line":19,"column":63},"end":{"line":25,"column":5}}},"1":{"name":"(anonymous_1)","decl":{"start":{"line":26,"column":10},"end":{"line":26,"column":15}},"loc":{"start":{"line":26,"column":33},"end":{"line":32,"column":5}}},"2":{"name":"(anonymous_2)","decl":{"start":{"line":33,"column":14},"end":{"line":33,"column":19}},"loc":{"start":{"line":33,"column":37},"end":{"line":39,"column":5}}},"3":{"name":"(anonymous_3)","decl":{"start":{"line":40,"column":21},"end":{"line":40,"column":26}},"loc":{"start":{"line":40,"column":32},"end":{"line":46,"column":5}}},"4":{"name":"(anonymous_4)","decl":{"start":{"line":51,"column":9},"end":{"line":51,"column":14}},"loc":{"start":{"line":51,"column":20},"end":{"line":57,"column":5}}},"5":{"name":"(anonymous_5)","decl":{"start":{"line":58,"column":9},"end":{"line":58,"column":14}},"loc":{"start":{"line":58,"column":32},"end":{"line":63,"column":5}}},"6":{"name":"(anonymous_6)","decl":{"start":{"line":64,"column":12},"end":{"line":64,"column":17}},"loc":{"start":{"line":64,"column":35},"end":{"line":69,"column":5}}},"7":{"name":"(anonymous_7)","decl":{"start":{"line":74,"column":15},"end":{"line":74,"column":20}},"loc":{"start":{"line":74,"column":26},"end":{"line":80,"column":5}}},"8":{"name":"(anonymous_8)","decl":{"start":{"line":81,"column":13},"end":{"line":81,"column":18}},"loc":{"start":{"line":81,"column":24},"end":{"line":86,"column":5}}},"9":{"name":"(anonymous_9)","decl":{"start":{"line":91,"column":10},"end":{"line":91,"column":13}},"loc":{"start":{"line":91,"column":15},"end":{"line":93,"column":5}}},"10":{"name":"(anonymous_10)","decl":{"start":{"line":94,"column":14},"end":{"line":94,"column":17}},"loc":{"start":{"line":94,"column":19},"end":{"line":96,"column":5}}},"11":{"name":"(anonymous_11)","decl":{"start":{"line":97,"column":18},"end":{"line":97,"column":21}},"loc":{"start":{"line":97,"column":23},"end":{"line":99,"column":5}}}},"branchMap":{"0":{"loc":{"start":{"line":21,"column":6},"end":{"line":23,"column":7}},"type":"if","locations":[{"start":{"line":21,"column":6},"end":{"line":23,"column":7}}]},"1":{"loc":{"start":{"line":22,"column":24},"end":{"line":22,"column":66}},"type":"binary-expr","locations":[{"start":{"line":22,"column":24},"end":{"line":22,"column":36}},{"start":{"line":22,"column":40},"end":{"line":22,"column":66}}]},"2":{"loc":{"start":{"line":28,"column":6},"end":{"line":30,"column":7}},"type":"if","locations":[{"start":{"line":28,"column":6},"end":{"line":30,"column":7}}]},"3":{"loc":{"start":{"line":29,"column":24},"end":{"line":29,"column":64}},"type":"binary-expr","locations":[{"start":{"line":29,"column":24},"end":{"line":29,"column":36}},{"start":{"line":29,"column":40},"end":{"line":29,"column":64}}]},"4":{"loc":{"start":{"line":35,"column":6},"end":{"line":37,"column":7}},"type":"if","locations":[{"start":{"line":35,"column":6},"end":{"line":37,"column":7}}]},"5":{"loc":{"start":{"line":36,"column":24},"end":{"line":36,"column":68}},"type":"binary-expr","locations":[{"start":{"line":36,"column":24},"end":{"line":36,"column":36}},{"start":{"line":36,"column":40},"end":{"line":36,"column":68}}]},"6":{"loc":{"start":{"line":42,"column":6},"end":{"line":44,"column":7}},"type":"if","locations":[{"start":{"line":42,"column":6},"end":{"line":44,"column":7}}]},"7":{"loc":{"start":{"line":43,"column":24},"end":{"line":43,"column":68}},"type":"binary-expr","locations":[{"start":{"line":43,"column":24},"end":{"line":43,"column":36}},{"start":{"line":43,"column":40},"end":{"line":43,"column":68}}]},"8":{"loc":{"start":{"line":53,"column":6},"end":{"line":55,"column":7}},"type":"if","locations":[{"start":{"line":53,"column":6},"end":{"line":55,"column":7}}]},"9":{"loc":{"start":{"line":54,"column":24},"end":{"line":54,"column":71}},"type":"binary-expr","locations":[{"start":{"line":54,"column":24},"end":{"line":54,"column":36}},{"start":{"line":54,"column":40},"end":{"line":54,"column":71}}]},"10":{"loc":{"start":{"line":60,"column":6},"end":{"line":62,"column":7}},"type":"if","locations":[{"start":{"line":60,"column":6},"end":{"line":62,"column":7}}]},"11":{"loc":{"start":{"line":61,"column":24},"end":{"line":61,"column":70}},"type":"binary-expr","locations":[{"start":{"line":61,"column":24},"end":{"line":61,"column":36}},{"start":{"line":61,"column":40},"end":{"line":61,"column":70}}]},"12":{"loc":{"start":{"line":66,"column":6},"end":{"line":68,"column":7}},"type":"if","locations":[{"start":{"line":66,"column":6},"end":{"line":68,"column":7}}]},"13":{"loc":{"start":{"line":67,"column":24},"end":{"line":67,"column":73}},"type":"binary-expr","locations":[{"start":{"line":67,"column":24},"end":{"line":67,"column":36}},{"start":{"line":67,"column":40},"end":{"line":67,"column":73}}]},"14":{"loc":{"start":{"line":76,"column":6},"end":{"line":78,"column":7}},"type":"if","locations":[{"start":{"line":76,"column":6},"end":{"line":78,"column":7}}]},"15":{"loc":{"start":{"line":77,"column":24},"end":{"line":77,"column":69}},"type":"binary-expr","locations":[{"start":{"line":77,"column":24},"end":{"line":77,"column":36}},{"start":{"line":77,"column":40},"end":{"line":77,"column":69}}]},"16":{"loc":{"start":{"line":83,"column":6},"end":{"line":85,"column":7}},"type":"if","locations":[{"start":{"line":83,"column":6},"end":{"line":85,"column":7}}]},"17":{"loc":{"start":{"line":84,"column":24},"end":{"line":84,"column":66}},"type":"binary-expr","locations":[{"start":{"line":84,"column":24},"end":{"line":84,"column":36}},{"start":{"line":84,"column":40},"end":{"line":84,"column":66}}]}},"s":{"0":0,"1":0,"2":0,"3":0,"4":0,"5":0,"6":0,"7":0,"8":0,"9":0,"10":0,"11":0,"12":0,"13":0,"14":0,"15":0,"16":0,"17":0,"18":0,"19":0,"20":0,"21":0,"22":0,"23":0,"24":0,"25":0,"26":0,"27":0,"28":0,"29":0,"30":0,"31":0,"32":0,"33":0,"34":0,"35":0,"36":0,"37":0,"38":0},"f":{"0":0,"1":0,"2":0,"3":0,"4":0,"5":0,"6":0,"7":0,"8":0,"9":0,"10":0,"11":0},"b":{"0":[0],"1":[0,0],"2":[0],"3":[0,0],"4":[0],"5":[0,0],"6":[0],"7":[0,0],"8":[0],"9":[0,0],"10":[0],"11":[0,0],"12":[0],"13":[0,0],"14":[0],"15":[0,0],"16":[0],"17":[0,0]}}
}
