TN:
SF:electron\ConfigStorage.ts
FN:75,(anonymous_9)
FN:85,(anonymous_10)
FN:93,(anonymous_11)
FN:103,(anonymous_12)
FN:123,(anonymous_13)
FN:146,(anonymous_14)
FN:155,(anonymous_15)
FN:163,(anonymous_16)
FN:170,(anonymous_17)
FN:199,(anonymous_18)
FN:230,(anonymous_19)
FN:275,(anonymous_20)
FNF:12
FNH:12
FNDA:52,(anonymous_9)
FNDA:19,(anonymous_10)
FNDA:13,(anonymous_11)
FNDA:10,(anonymous_12)
FNDA:6,(anonymous_13)
FNDA:2,(anonymous_14)
FNDA:3,(anonymous_15)
FNDA:1,(anonymous_16)
FNDA:52,(anonymous_17)
FNDA:58,(anonymous_18)
FNDA:10,(anonymous_19)
FNDA:51,(anonymous_20)
DA:7,1
DA:8,1
DA:39,1
DA:66,1
DA:69,52
DA:76,52
DA:77,52
DA:78,52
DA:86,19
DA:94,13
DA:95,13
DA:104,10
DA:105,10
DA:107,10
DA:108,18
DA:109,16
DA:111,2
DA:115,8
DA:124,6
DA:125,6
DA:127,6
DA:128,1
DA:131,5
DA:132,5
DA:133,5
DA:134,2
DA:136,5
DA:139,5
DA:140,5
DA:147,2
DA:148,2
DA:156,3
DA:164,1
DA:171,52
DA:172,52
DA:174,38
DA:175,38
DA:178,14
DA:179,14
DA:182,10
DA:183,5
DA:185,5
DA:186,5
DA:189,4
DA:190,4
DA:191,4
DA:192,4
DA:201,58
DA:202,2
DA:205,56
DA:207,56
DA:208,56
DA:209,1
DA:213,56
DA:219,0
DA:220,0
DA:221,0
DA:231,10
DA:232,0
DA:236,10
DA:237,1
DA:241,9
DA:242,8
DA:243,2
DA:245,6
DA:246,1
DA:248,5
DA:249,0
DA:254,6
DA:255,4
DA:256,0
DA:258,4
DA:259,1
DA:261,3
DA:262,0
DA:266,5
DA:276,51
DA:278,51
DA:279,97
DA:280,97
DA:282,97
DA:283,33
DA:284,33
DA:286,0
DA:289,64
DA:293,51
LF:86
LH:78
BRDA:108,0,0,16
BRDA:108,0,1,2
BRDA:108,1,0,18
BRDA:108,1,1,18
BRDA:108,1,2,18
BRDA:127,2,0,1
BRDA:133,3,0,2
BRDA:133,4,0,5
BRDA:133,4,1,3
BRDA:172,5,0,38
BRDA:182,6,0,5
BRDA:182,6,1,5
BRDA:201,7,0,2
BRDA:208,8,0,1
BRDA:231,9,0,0
BRDA:231,10,0,10
BRDA:231,10,1,10
BRDA:236,11,0,1
BRDA:236,12,0,10
BRDA:236,12,1,9
BRDA:241,13,0,8
BRDA:242,14,0,2
BRDA:242,15,0,8
BRDA:242,15,1,6
BRDA:245,16,0,1
BRDA:245,17,0,6
BRDA:245,17,1,6
BRDA:245,17,2,5
BRDA:248,18,0,0
BRDA:248,19,0,5
BRDA:248,19,1,4
BRDA:248,19,2,4
BRDA:254,20,0,4
BRDA:255,21,0,0
BRDA:255,22,0,4
BRDA:255,22,1,4
BRDA:258,23,0,1
BRDA:258,24,0,4
BRDA:258,24,1,4
BRDA:258,24,2,3
BRDA:261,25,0,0
BRDA:261,26,0,3
BRDA:261,26,1,3
BRDA:282,27,0,33
BRDA:282,27,1,64
BRDA:282,28,0,97
BRDA:282,28,1,93
BRDA:282,28,2,33
BRDA:283,29,0,33
BRDA:283,29,1,0
BRDA:283,30,0,33
BRDA:283,30,1,33
BRDA:283,30,2,33
BRF:53
BRH:48
end_of_record
TN:
SF:electron\ProjectValidator.ts
FN:85,(anonymous_9)
FN:214,(anonymous_10)
FN:360,(anonymous_11)
FN:384,(anonymous_12)
FN:394,(anonymous_13)
FN:395,(anonymous_14)
FN:396,(anonymous_15)
FN:397,(anonymous_16)
FN:402,(anonymous_17)
FN:406,(anonymous_18)
FNF:10
FNH:9
FNDA:11,(anonymous_9)
FNDA:8,(anonymous_10)
FNDA:4,(anonymous_11)
FNDA:5,(anonymous_12)
FNDA:5,(anonymous_13)
FNDA:5,(anonymous_14)
FNDA:5,(anonymous_15)
FNDA:5,(anonymous_16)
FNDA:2,(anonymous_17)
FNDA:0,(anonymous_18)
DA:8,1
DA:9,1
DA:69,1
DA:79,1
DA:86,11
DA:87,11
DA:90,11
DA:92,11
DA:93,1
DA:99,1
DA:103,10
DA:104,10
DA:105,1
DA:111,1
DA:115,9
DA:116,9
DA:117,9
DA:118,1
DA:128,9
DA:129,18
DA:130,18
DA:131,18
DA:141,9
DA:142,0
DA:143,0
DA:144,0
DA:151,0
DA:152,0
DA:153,0
DA:164,9
DA:165,9
DA:166,8
DA:167,8
DA:168,8
DA:169,8
DA:170,8
DA:172,0
DA:182,9
DA:183,9
DA:185,0
DA:193,9
DA:200,0
DA:205,0
DA:219,8
DA:220,8
DA:222,8
DA:224,8
DA:227,8
DA:228,8
DA:230,1
DA:236,1
DA:240,7
DA:241,0
DA:246,0
DA:249,7
DA:252,7
DA:253,1
DA:261,7
DA:262,1
DA:270,7
DA:271,1
DA:279,6
DA:280,6
DA:282,6
DA:283,24
DA:284,0
DA:294,7
DA:295,0
DA:303,7
DA:304,7
DA:306,7
DA:307,1
DA:315,7
DA:316,0
DA:326,7
DA:327,1
DA:336,7
DA:337,3
DA:344,4
DA:346,0
DA:351,0
DA:361,4
DA:362,4
DA:363,1
DA:366,3
DA:367,3
DA:368,1
DA:372,2
DA:373,2
DA:375,0
DA:385,5
DA:386,1
DA:389,4
DA:390,0
DA:394,5
DA:395,5
DA:396,5
DA:397,5
DA:399,4
DA:401,4
DA:402,2
DA:405,4
DA:406,0
DA:409,4
DA:410,2
DA:413,4
DA:414,1
DA:417,4
LF:108
LH:88
BRDA:92,0,0,1
BRDA:104,1,0,1
BRDA:117,2,0,1
BRDA:130,3,0,18
BRDA:143,4,0,0
BRDA:143,4,1,0
BRDA:152,5,0,0
BRDA:165,6,0,8
BRDA:175,7,0,0
BRDA:175,7,1,0
BRDA:203,8,0,0
BRDA:203,8,1,0
BRDA:240,9,0,0
BRDA:240,10,0,7
BRDA:240,10,1,7
BRDA:252,11,0,1
BRDA:252,12,0,7
BRDA:252,12,1,6
BRDA:261,13,0,1
BRDA:261,14,0,7
BRDA:261,14,1,6
BRDA:270,15,0,1
BRDA:270,15,1,6
BRDA:270,16,0,7
BRDA:270,16,1,6
BRDA:283,17,0,0
BRDA:294,18,0,0
BRDA:294,18,1,7
BRDA:294,19,0,7
BRDA:294,19,1,7
BRDA:306,20,0,1
BRDA:315,21,0,0
BRDA:326,22,0,1
BRDA:326,23,0,7
BRDA:326,23,1,1
BRDA:336,24,0,3
BRDA:349,25,0,0
BRDA:349,25,1,0
BRDA:362,26,0,1
BRDA:367,27,0,1
BRDA:385,28,0,1
BRDA:389,29,0,0
BRDA:401,30,0,2
BRDA:405,31,0,0
BRDA:409,32,0,2
BRDA:413,33,0,1
BRF:46
BRH:31
end_of_record
TN:
SF:electron\RecentProjectsManager.ts
FN:50,(anonymous_9)
FN:59,(anonymous_10)
FN:61,(anonymous_11)
FN:82,(anonymous_12)
FN:83,(anonymous_13)
FN:91,(anonymous_14)
FN:100,(anonymous_15)
FN:101,(anonymous_16)
FN:108,(anonymous_17)
FN:109,(anonymous_18)
FN:112,(anonymous_19)
FN:123,(anonymous_20)
FN:138,(anonymous_21)
FN:140,(anonymous_22)
FN:147,(anonymous_23)
FN:156,(anonymous_24)
FN:163,(anonymous_25)
FN:179,(anonymous_26)
FN:198,(anonymous_27)
FN:208,(anonymous_28)
FNF:20
FNH:20
FNDA:37,(anonymous_9)
FNDA:56,(anonymous_10)
FNDA:77,(anonymous_11)
FNDA:3,(anonymous_12)
FNDA:6,(anonymous_13)
FNDA:19,(anonymous_14)
FNDA:6,(anonymous_15)
FNDA:8,(anonymous_16)
FNDA:4,(anonymous_17)
FNDA:8,(anonymous_18)
FNDA:6,(anonymous_19)
FNDA:4,(anonymous_20)
FNDA:2,(anonymous_21)
FNDA:4,(anonymous_22)
FNDA:2,(anonymous_23)
FNDA:15,(anonymous_24)
FNDA:37,(anonymous_25)
FNDA:3,(anonymous_26)
FNDA:66,(anonymous_27)
FNDA:143,(anonymous_28)
DA:7,1
DA:8,1
DA:39,1
DA:40,1
DA:41,1
DA:43,37
DA:51,37
DA:52,37
DA:61,77
DA:64,56
DA:71,56
DA:72,1
DA:75,56
DA:83,6
DA:84,3
DA:92,19
DA:101,8
DA:109,8
DA:110,4
DA:112,6
DA:113,3
DA:114,3
DA:115,3
DA:124,4
DA:125,8
DA:126,8
DA:127,8
DA:129,0
DA:132,4
DA:139,2
DA:140,4
DA:141,2
DA:148,2
DA:149,2
DA:157,15
DA:164,37
DA:165,37
DA:166,33
DA:169,4
DA:170,4
DA:173,3
DA:174,1
DA:175,1
DA:179,3
DA:186,2
DA:187,0
DA:190,1
DA:191,1
DA:199,66
DA:201,66
DA:202,66
DA:203,1
DA:206,66
DA:208,143
DA:216,66
DA:218,0
LF:56
LH:53
BRDA:71,0,0,1
BRDA:110,1,0,3
BRDA:165,2,0,33
BRDA:173,3,0,1
BRDA:186,4,0,0
BRDA:202,5,0,1
BRF:6
BRH:5
end_of_record
TN:
SF:electron\SystemTrayManager.ts
FN:13,(anonymous_0)
FN:24,(anonymous_1)
FN:39,(anonymous_2)
FN:52,(anonymous_3)
FN:80,(anonymous_4)
FN:90,(anonymous_5)
FN:98,(anonymous_6)
FN:106,(anonymous_7)
FN:113,(anonymous_8)
FN:123,(anonymous_9)
FN:132,(anonymous_10)
FN:178,(anonymous_11)
FN:187,(anonymous_12)
FN:190,(anonymous_13)
FN:191,(anonymous_14)
FN:192,(anonymous_15)
FN:193,(anonymous_16)
FN:201,(anonymous_17)
FN:215,(anonymous_18)
FN:235,(anonymous_19)
FN:289,(anonymous_20)
FN:300,(anonymous_21)
FN:313,(anonymous_22)
FN:331,(anonymous_23)
FN:350,(anonymous_24)
FNF:25
FNH:24
FNDA:39,(anonymous_0)
FNDA:34,(anonymous_1)
FNDA:1,(anonymous_2)
FNDA:27,(anonymous_3)
FNDA:2,(anonymous_4)
FNDA:1,(anonymous_5)
FNDA:2,(anonymous_6)
FNDA:1,(anonymous_7)
FNDA:39,(anonymous_8)
FNDA:4,(anonymous_9)
FNDA:57,(anonymous_10)
FNDA:57,(anonymous_11)
FNDA:57,(anonymous_12)
FNDA:57,(anonymous_13)
FNDA:57,(anonymous_14)
FNDA:57,(anonymous_15)
FNDA:57,(anonymous_16)
FNDA:57,(anonymous_17)
FNDA:24,(anonymous_18)
FNDA:59,(anonymous_19)
FNDA:1,(anonymous_20)
FNDA:0,(anonymous_21)
FNDA:2,(anonymous_22)
FNDA:26,(anonymous_23)
FNDA:5,(anonymous_24)
DA:1,1
DA:13,1
DA:14,39
DA:15,39
DA:25,34
DA:26,1
DA:30,33
DA:31,33
DA:33,33
DA:36,33
DA:39,33
DA:40,1
DA:41,1
DA:45,33
DA:53,27
DA:54,1
DA:57,26
DA:60,26
DA:61,24
DA:64,24
DA:65,24
DA:68,24
DA:69,24
DA:73,26
DA:81,2
DA:82,1
DA:91,1
DA:99,2
DA:107,1
DA:114,39
DA:115,33
DA:116,33
DA:124,4
DA:135,57
DA:136,57
DA:137,57
DA:139,57
DA:141,57
DA:142,57
DA:144,57
DA:146,15
DA:147,15
DA:149,2
DA:150,2
DA:152,4
DA:153,4
DA:156,36
DA:157,36
DA:160,57
DA:163,57
DA:164,57
DA:165,57
DA:169,57
DA:170,57
DA:184,57
DA:188,57
DA:189,57
DA:199,0
DA:203,57
DA:207,57
DA:216,24
DA:218,24
DA:220,15
DA:222,2
DA:224,4
DA:227,3
DA:236,59
DA:237,0
DA:240,59
DA:243,59
DA:248,59
DA:251,59
DA:252,26
DA:253,26
DA:259,26
DA:260,12
DA:267,26
DA:268,5
DA:269,5
DA:276,26
DA:277,4
DA:283,26
DA:287,59
DA:290,1
DA:291,1
DA:297,59
DA:298,21
DA:301,0
DA:302,0
DA:308,59
DA:311,59
DA:314,2
DA:315,1
DA:317,1
DA:322,59
DA:323,59
DA:332,26
DA:334,17
DA:336,2
DA:338,4
DA:341,3
DA:351,5
DA:352,5
DA:353,5
DA:355,5
DA:356,1
DA:357,4
DA:358,2
DA:360,2
LF:109
LH:105
BRDA:25,0,0,1
BRDA:40,1,0,1
BRDA:53,2,0,1
BRDA:60,3,0,24
BRDA:81,4,0,1
BRDA:114,5,0,33
BRDA:139,6,0,57
BRDA:144,7,0,15
BRDA:144,7,1,2
BRDA:144,7,2,4
BRDA:144,7,3,36
BRDA:144,7,4,36
BRDA:188,8,0,57
BRDA:218,9,0,15
BRDA:218,9,1,2
BRDA:218,9,2,4
BRDA:218,9,3,3
BRDA:218,9,4,3
BRDA:224,10,0,4
BRDA:224,10,1,0
BRDA:236,11,0,0
BRDA:251,12,0,26
BRDA:259,13,0,12
BRDA:259,14,0,26
BRDA:259,14,1,17
BRDA:267,15,0,5
BRDA:267,16,0,26
BRDA:267,16,1,17
BRDA:276,17,0,4
BRDA:276,18,0,26
BRDA:276,18,1,4
BRDA:290,19,0,1
BRDA:297,20,0,21
BRDA:297,21,0,59
BRDA:297,21,1,26
BRDA:297,21,2,9
BRDA:301,22,0,0
BRDA:314,23,0,1
BRDA:314,23,1,1
BRDA:332,24,0,17
BRDA:332,24,1,2
BRDA:332,24,2,4
BRDA:332,24,3,3
BRDA:332,24,4,3
BRDA:355,25,0,1
BRDA:355,25,1,4
BRDA:357,26,0,2
BRDA:357,26,1,2
BRF:48
BRH:45
end_of_record
TN:
SF:electron\ViteServerManager.ts
FN:56,(anonymous_9)
FN:69,(anonymous_10)
FN:108,(anonymous_11)
FN:127,(anonymous_12)
FN:136,(anonymous_13)
FN:146,(anonymous_14)
FN:147,(anonymous_15)
FN:155,(anonymous_16)
FN:171,(anonymous_17)
FN:182,(anonymous_18)
FN:196,(anonymous_19)
FN:207,(anonymous_20)
FN:214,(anonymous_21)
FN:215,(anonymous_22)
FN:218,(anonymous_23)
FN:222,(anonymous_24)
FN:234,(anonymous_25)
FN:255,(anonymous_26)
FN:256,(anonymous_27)
FN:278,(anonymous_28)
FN:283,(anonymous_29)
FN:289,(anonymous_30)
FN:301,(anonymous_31)
FN:309,(anonymous_32)
FN:322,(anonymous_33)
FN:338,(anonymous_34)
FN:347,(anonymous_35)
FN:348,(anonymous_36)
FN:353,(anonymous_37)
FN:358,(anonymous_38)
FN:363,(anonymous_39)
FNF:31
FNH:23
FNDA:18,(anonymous_9)
FNDA:14,(anonymous_10)
FNDA:0,(anonymous_11)
FNDA:0,(anonymous_12)
FNDA:12,(anonymous_13)
FNDA:10,(anonymous_14)
FNDA:0,(anonymous_15)
FNDA:10,(anonymous_16)
FNDA:1,(anonymous_17)
FNDA:25,(anonymous_18)
FNDA:2,(anonymous_19)
FNDA:0,(anonymous_20)
FNDA:25,(anonymous_21)
FNDA:25,(anonymous_22)
FNDA:15,(anonymous_23)
FNDA:10,(anonymous_24)
FNDA:14,(anonymous_25)
FNDA:10,(anonymous_26)
FNDA:10,(anonymous_27)
FNDA:10,(anonymous_28)
FNDA:0,(anonymous_29)
FNDA:10,(anonymous_30)
FNDA:0,(anonymous_31)
FNDA:0,(anonymous_32)
FNDA:10,(anonymous_33)
FNDA:9,(anonymous_34)
FNDA:19,(anonymous_35)
FNDA:19,(anonymous_36)
FNDA:10,(anonymous_37)
FNDA:9,(anonymous_38)
FNDA:0,(anonymous_39)
DA:1,1
DA:2,1
DA:3,1
DA:56,1
DA:57,18
DA:58,18
DA:59,18
DA:60,18
DA:61,18
DA:62,18
DA:70,14
DA:71,0
DA:74,14
DA:75,0
DA:78,14
DA:79,14
DA:81,14
DA:83,14
DA:86,10
DA:89,10
DA:92,10
DA:99,10
DA:108,10
DA:109,10
DA:111,10
DA:113,4
DA:120,4
DA:126,4
DA:127,4
DA:129,4
DA:137,12
DA:138,2
DA:141,10
DA:142,0
DA:143,0
DA:146,10
DA:147,10
DA:149,0
DA:150,0
DA:152,0
DA:155,10
DA:156,10
DA:157,10
DA:158,10
DA:159,10
DA:160,10
DA:164,10
DA:172,1
DA:173,1
DA:174,1
DA:176,0
DA:183,25
DA:184,10
DA:185,10
DA:190,15
DA:197,2
DA:198,1
DA:200,1
DA:208,0
DA:215,25
DA:216,25
DA:218,25
DA:219,15
DA:222,25
DA:223,10
DA:224,10
DA:227,25
DA:236,14
DA:237,5
DA:241,9
DA:242,11
DA:243,5
DA:247,4
DA:256,10
DA:257,10
DA:260,10
DA:263,10
DA:272,10
DA:273,0
DA:274,0
DA:278,10
DA:279,10
DA:280,10
DA:283,10
DA:284,0
DA:285,0
DA:289,10
DA:290,10
DA:291,10
DA:292,0
DA:293,10
DA:295,10
DA:300,10
DA:301,10
DA:302,0
DA:305,10
DA:309,10
DA:310,0
DA:311,0
DA:315,10
DA:323,10
DA:324,10
DA:326,10
DA:327,19
DA:329,19
DA:330,19
DA:331,10
DA:338,9
DA:341,0
DA:348,19
DA:349,19
DA:351,19
DA:353,19
DA:354,10
DA:355,10
DA:358,19
DA:359,9
DA:360,9
DA:363,19
DA:364,0
DA:365,0
DA:368,19
LF:122
LH:102
BRDA:70,0,0,0
BRDA:74,1,0,0
BRDA:114,2,0,0
BRDA:114,2,1,4
BRDA:114,3,0,4
BRDA:114,3,1,4
BRDA:115,4,0,4
BRDA:115,4,1,0
BRDA:116,5,0,4
BRDA:116,5,1,0
BRDA:126,6,0,4
BRDA:126,6,1,0
BRDA:137,7,0,2
BRDA:141,8,0,0
BRDA:149,9,0,0
BRDA:173,10,0,1
BRDA:183,11,0,10
BRDA:183,12,0,25
BRDA:183,12,1,10
BRDA:197,13,0,1
BRDA:197,13,1,1
BRDA:236,14,0,5
BRDA:242,15,0,5
BRDA:260,16,0,10
BRDA:260,16,1,0
BRDA:272,17,0,0
BRDA:291,18,0,0
BRDA:291,18,1,10
BRDA:293,19,0,10
BRDA:330,20,0,10
BRF:30
BRH:19
end_of_record
TN:
SF:electron\WindowManager.ts
FN:50,(anonymous_9)
FN:62,(anonymous_10)
FN:117,(anonymous_11)
FN:130,(anonymous_12)
FN:137,(anonymous_13)
FN:152,(anonymous_14)
FN:251,(anonymous_15)
FN:262,(anonymous_16)
FN:272,(anonymous_17)
FN:284,(anonymous_18)
FN:291,(anonymous_19)
FN:298,(anonymous_20)
FN:313,(anonymous_21)
FN:338,(anonymous_22)
FN:364,(anonymous_23)
FNF:15
FNH:15
FNDA:36,(anonymous_9)
FNDA:21,(anonymous_10)
FNDA:11,(anonymous_11)
FNDA:4,(anonymous_12)
FNDA:1,(anonymous_13)
FNDA:7,(anonymous_14)
FNDA:2,(anonymous_15)
FNDA:2,(anonymous_16)
FNDA:2,(anonymous_17)
FNDA:3,(anonymous_18)
FNDA:3,(anonymous_19)
FNDA:3,(anonymous_20)
FNDA:20,(anonymous_21)
FNDA:4,(anonymous_22)
FNDA:36,(anonymous_23)
DA:1,1
DA:2,1
DA:3,1
DA:4,1
DA:40,1
DA:41,36
DA:42,36
DA:44,36
DA:52,36
DA:53,36
DA:63,21
DA:64,1
DA:65,1
DA:69,20
DA:72,20
DA:75,20
DA:77,3
DA:82,3
DA:84,2
DA:85,2
DA:90,20
DA:109,20
DA:110,1
DA:114,20
DA:117,20
DA:118,11
DA:119,11
DA:122,11
DA:123,1
DA:124,1
DA:130,20
DA:131,4
DA:132,4
DA:137,20
DA:139,1
DA:140,1
DA:142,1
DA:145,20
DA:153,7
DA:154,1
DA:157,6
DA:173,6
DA:241,6
DA:242,6
DA:244,6
DA:252,2
DA:253,1
DA:254,1
DA:263,2
DA:264,1
DA:273,2
DA:274,2
DA:276,1
DA:277,1
DA:285,3
DA:292,3
DA:299,3
DA:300,1
DA:301,1
DA:304,3
DA:305,1
DA:306,1
DA:314,20
DA:315,20
DA:316,6
DA:317,5
DA:320,4
DA:325,4
DA:329,2
DA:332,16
DA:339,4
DA:340,4
DA:341,4
DA:350,4
DA:351,4
DA:352,2
DA:355,4
DA:357,1
DA:366,36
DA:368,36
DA:370,36
DA:372,0
DA:374,0
DA:376,0
LF:84
LH:81
BRDA:63,0,0,1
BRDA:63,1,0,21
BRDA:63,1,1,1
BRDA:75,2,0,3
BRDA:75,3,0,20
BRDA:75,3,1,3
BRDA:77,4,0,3
BRDA:77,4,1,3
BRDA:77,4,2,3
BRDA:77,4,3,1
BRDA:82,5,0,2
BRDA:91,6,0,20
BRDA:91,6,1,19
BRDA:92,7,0,20
BRDA:92,7,1,19
BRDA:95,8,0,20
BRDA:95,8,1,19
BRDA:96,9,0,20
BRDA:96,9,1,19
BRDA:97,10,0,20
BRDA:97,10,1,19
BRDA:109,11,0,1
BRDA:118,12,0,11
BRDA:122,13,0,1
BRDA:122,14,0,11
BRDA:122,14,1,1
BRDA:131,15,0,4
BRDA:131,16,0,4
BRDA:131,16,1,4
BRDA:139,17,0,1
BRDA:139,18,0,1
BRDA:139,18,1,1
BRDA:153,19,0,1
BRDA:153,20,0,7
BRDA:153,20,1,1
BRDA:252,21,0,1
BRDA:263,22,0,1
BRDA:277,23,0,1
BRDA:277,23,1,0
BRDA:299,24,0,1
BRDA:299,25,0,3
BRDA:299,25,1,2
BRDA:304,26,0,1
BRDA:304,27,0,3
BRDA:304,27,1,2
BRDA:315,28,0,6
BRDA:320,29,0,4
BRDA:321,30,0,4
BRDA:321,30,1,4
BRDA:321,30,2,4
BRDA:351,31,0,2
BRDA:368,32,0,36
BRDA:368,32,1,0
BRDA:368,32,2,0
BRDA:368,32,3,0
BRDA:370,33,0,36
BRDA:370,33,1,0
BRDA:374,34,0,0
BRDA:374,34,1,0
BRF:59
BRH:52
end_of_record
TN:
SF:electron\errors.ts
FN:22,(anonymous_9)
FN:49,(anonymous_10)
FN:57,(anonymous_11)
FN:65,(anonymous_12)
FN:80,(anonymous_13)
FN:115,(anonymous_14)
FN:131,(anonymous_15)
FN:140,(anonymous_16)
FN:157,(anonymous_17)
FN:198,(anonymous_18)
FN:206,(anonymous_19)
FN:214,(anonymous_20)
FN:229,(anonymous_21)
FN:264,(anonymous_22)
FN:271,(anonymous_23)
FN:279,(anonymous_24)
FN:292,(anonymous_25)
FN:338,(anonymous_26)
FN:352,(anonymous_27)
FN:381,(anonymous_28)
FN:388,(anonymous_29)
FN:389,(anonymous_30)
FN:395,(anonymous_31)
FN:403,(anonymous_32)
FN:410,(anonymous_33)
FN:435,(anonymous_34)
FN:443,(anonymous_35)
FN:458,(anonymous_36)
FN:475,(anonymous_37)
FNF:29
FNH:29
FNDA:176,(anonymous_9)
FNDA:1,(anonymous_10)
FNDA:163,(anonymous_11)
FNDA:161,(anonymous_12)
FNDA:158,(anonymous_13)
FNDA:1,(anonymous_14)
FNDA:5,(anonymous_15)
FNDA:3,(anonymous_16)
FNDA:2,(anonymous_17)
FNDA:1,(anonymous_18)
FNDA:5,(anonymous_19)
FNDA:3,(anonymous_20)
FNDA:2,(anonymous_21)
FNDA:1,(anonymous_22)
FNDA:3,(anonymous_23)
FNDA:1,(anonymous_24)
FNDA:1,(anonymous_25)
FNDA:10,(anonymous_26)
FNDA:160,(anonymous_27)
FNDA:7,(anonymous_28)
FNDA:2,(anonymous_29)
FNDA:6,(anonymous_30)
FNDA:10,(anonymous_31)
FNDA:1,(anonymous_32)
FNDA:1,(anonymous_33)
FNDA:10,(anonymous_34)
FNDA:110,(anonymous_35)
FNDA:170,(anonymous_36)
FNDA:10,(anonymous_37)
DA:11,1
DA:12,1
DA:13,1
DA:18,1
DA:23,176
DA:24,176
DA:25,176
DA:26,176
DA:27,176
DA:49,1
DA:50,1
DA:51,1
DA:52,1
DA:53,1
DA:56,1
DA:58,163
DA:60,163
DA:62,163
DA:66,161
DA:68,158
DA:70,1
DA:72,1
DA:74,1
DA:76,0
DA:81,158
DA:83,158
DA:89,0
DA:95,0
DA:101,0
DA:107,0
DA:115,1
DA:116,1
DA:117,1
DA:118,1
DA:119,1
DA:120,1
DA:130,1
DA:132,5
DA:134,5
DA:135,5
DA:137,5
DA:141,3
DA:143,2
DA:145,0
DA:147,0
DA:149,1
DA:151,0
DA:153,0
DA:158,2
DA:160,2
DA:166,0
DA:172,0
DA:178,0
DA:184,0
DA:190,0
DA:198,1
DA:199,1
DA:200,1
DA:201,1
DA:202,1
DA:205,1
DA:207,5
DA:209,5
DA:211,5
DA:215,3
DA:217,1
DA:219,1
DA:221,0
DA:223,1
DA:225,0
DA:230,2
DA:232,1
DA:238,1
DA:244,0
DA:250,0
DA:256,0
DA:264,1
DA:265,1
DA:266,1
DA:267,1
DA:270,1
DA:272,3
DA:274,3
DA:276,3
DA:280,1
DA:282,1
DA:284,0
DA:286,0
DA:288,0
DA:293,1
DA:295,1
DA:301,0
DA:306,0
DA:311,0
DA:333,1
DA:334,10
DA:335,10
DA:340,10
DA:341,10
DA:344,10
DA:353,160
DA:364,160
DA:367,160
DA:368,50
DA:372,160
DA:375,160
DA:382,7
DA:389,6
DA:396,10
DA:397,10
DA:404,1
DA:411,1
DA:412,1
DA:413,1
DA:418,1
DA:436,10
DA:437,10
DA:438,10
DA:439,10
DA:441,10
DA:443,110
DA:450,0
DA:451,0
DA:459,170
DA:461,170
DA:462,170
DA:463,0
DA:466,170
DA:468,0
DA:476,10
DA:478,10
DA:480,10
DA:482,0
DA:484,0
DA:486,0
DA:492,1
LF:136
LH:104
BRDA:49,0,0,1
BRDA:49,0,1,1
BRDA:66,1,0,158
BRDA:66,1,1,1
BRDA:66,1,2,1
BRDA:66,1,3,1
BRDA:66,1,4,0
BRDA:81,2,0,158
BRDA:81,2,1,0
BRDA:81,2,2,0
BRDA:81,2,3,0
BRDA:81,2,4,0
BRDA:115,3,0,1
BRDA:115,3,1,1
BRDA:141,4,0,2
BRDA:141,4,1,0
BRDA:141,4,2,0
BRDA:141,4,3,1
BRDA:141,4,4,0
BRDA:141,4,5,0
BRDA:158,5,0,2
BRDA:158,5,1,0
BRDA:158,5,2,0
BRDA:158,5,3,0
BRDA:158,5,4,0
BRDA:158,5,5,0
BRDA:198,6,0,1
BRDA:198,6,1,1
BRDA:215,7,0,1
BRDA:215,7,1,1
BRDA:215,7,2,0
BRDA:215,7,3,1
BRDA:215,7,4,0
BRDA:230,8,0,1
BRDA:230,8,1,1
BRDA:230,8,2,0
BRDA:230,8,3,0
BRDA:230,8,4,0
BRDA:264,9,0,1
BRDA:264,9,1,1
BRDA:280,10,0,1
BRDA:280,10,1,0
BRDA:280,10,2,0
BRDA:280,10,3,0
BRDA:293,11,0,1
BRDA:293,11,1,0
BRDA:293,11,2,0
BRDA:293,11,3,0
BRDA:355,12,0,159
BRDA:355,12,1,1
BRDA:356,13,0,159
BRDA:356,13,1,1
BRDA:358,14,0,159
BRDA:358,14,1,1
BRDA:359,15,0,159
BRDA:359,15,1,1
BRDA:367,16,0,50
BRDA:437,17,0,10
BRDA:441,18,0,10
BRDA:462,19,0,0
BRDA:478,20,0,10
BRDA:478,20,1,0
BRDA:478,20,2,0
BRDA:478,20,3,0
BRDA:480,21,0,10
BRDA:480,21,1,0
BRDA:484,22,0,0
BRDA:484,22,1,0
BRF:68
BRH:36
end_of_record
TN:
SF:electron\preload.ts
FN:19,(anonymous_0)
FN:26,(anonymous_1)
FN:33,(anonymous_2)
FN:40,(anonymous_3)
FN:51,(anonymous_4)
FN:58,(anonymous_5)
FN:64,(anonymous_6)
FN:74,(anonymous_7)
FN:81,(anonymous_8)
FN:91,(anonymous_9)
FN:94,(anonymous_10)
FN:97,(anonymous_11)
FNF:12
FNH:0
FNDA:0,(anonymous_0)
FNDA:0,(anonymous_1)
FNDA:0,(anonymous_2)
FNDA:0,(anonymous_3)
FNDA:0,(anonymous_4)
FNDA:0,(anonymous_5)
FNDA:0,(anonymous_6)
FNDA:0,(anonymous_7)
FNDA:0,(anonymous_8)
FNDA:0,(anonymous_9)
FNDA:0,(anonymous_10)
FNDA:0,(anonymous_11)
DA:1,0
DA:8,0
DA:20,0
DA:21,0
DA:22,0
DA:24,0
DA:27,0
DA:28,0
DA:29,0
DA:31,0
DA:34,0
DA:35,0
DA:36,0
DA:38,0
DA:41,0
DA:42,0
DA:43,0
DA:45,0
DA:52,0
DA:53,0
DA:54,0
DA:56,0
DA:59,0
DA:60,0
DA:61,0
DA:65,0
DA:66,0
DA:67,0
DA:75,0
DA:76,0
DA:77,0
DA:79,0
DA:82,0
DA:83,0
DA:84,0
DA:92,0
DA:95,0
DA:98,0
DA:104,0
LF:39
LH:0
BRDA:21,0,0,0
BRDA:22,1,0,0
BRDA:22,1,1,0
BRDA:28,2,0,0
BRDA:29,3,0,0
BRDA:29,3,1,0
BRDA:35,4,0,0
BRDA:36,5,0,0
BRDA:36,5,1,0
BRDA:42,6,0,0
BRDA:43,7,0,0
BRDA:43,7,1,0
BRDA:53,8,0,0
BRDA:54,9,0,0
BRDA:54,9,1,0
BRDA:60,10,0,0
BRDA:61,11,0,0
BRDA:61,11,1,0
BRDA:66,12,0,0
BRDA:67,13,0,0
BRDA:67,13,1,0
BRDA:76,14,0,0
BRDA:77,15,0,0
BRDA:77,15,1,0
BRDA:83,16,0,0
BRDA:84,17,0,0
BRDA:84,17,1,0
BRF:27
BRH:0
end_of_record
